!---- list of chemical species --- Steady state at T =    5.79 K ---------------
!---- WARNING : order = neutrals, species on mantles, ions >0, ions <0 ---------
!---- name, composition, initial density(cm-3), formation enthalpy (kCal/mol) --
!-------------------------------------------------------------------------------
  1  H        01000000000000 2.646D-07    51.634                       !
  2  H2       02000000000000 5.000D-01     0.000                       !
  3  He       00000010000000 9.998D-02     0.000                       !
  4  C        00010000000000 1.026D-09   169.980     --> C/H = 8.27e-5 !
  5  CH       01010000000000 1.277D-14   141.600         A&G : 3.55e-4 !
  6  CH2      02010000000000 1.077D-13    93.900                       !
  7  CH3      03010000000000 1.083D-13    34.800                       !
  8  CH4      04010000000000 1.429D-09   -15.970                       !
  9  O        00000100000000 1.815D-05    58.980     --> O/H = 1.24e-4 !
 10  O2       00000200000000 1.068D-05     0.000         A&G : 7.41e-4 !
 11  OH       01000100000000 3.991D-10     9.250                       !
 12  H2O      02000100000000 4.203D-07   -57.100                       !
 13  CO       00010100000000 8.259D-05   -27.200                       !
 14  CO2      00010200000000 1.151D-09   -93.965                       !
 15  C2       00020000000000 1.109D-12   198.200                       !
 16  C2H      01020000000000 6.537D-12   113.300                       !
 17  C2H2     02020000000000 7.662D-12    56.320                       !
 18  C3       00030000000000 2.183D-22   194.000                       !
 19  C3H      01030000000000 3.373D-19   177.000   ***                 !
 20  C3H2     02030000000000 4.315D-16   114.000   ***                 !
 39  CH3OH    04010100000000 9.998D-17   -99.999                       !
 42  H2CO     02010100000000 9.998D-17   -99.999                       !
 42  HCO2H    02010200000000 9.998D-17   -99.999                       !
 21  N        00001000000000 6.253D-05   112.530     --> N/H = 6.39e-5 !
 22  NH       01001000000000 1.052D-13    90.000         A&G : 9.33e-5 !
 23  NH2      02001000000000 7.893D-15    46.200                       !
 24  NH3      03001000000000 1.700D-14    -9.299                       !
 25  CN       00011000000000 1.319D-09   103.200                       !
 26  HCN      01011000000000 1.164D-08    32.390                       !
 27  HNC      01011000000000 1.431D-08    48.000                       !
 28  N2       00002000000000 6.625D-07     0.000                       !
 29  NO       00001100000000 2.265D-09    21.460                       !
 32  S        00000000010000 1.328D-05    65.600         A&G : 1.86e-5 !
 33  SH       01000000010000 2.107D-07    32.600                       !
 34  H2S      02000000010000 2.883D-07    -4.230                       !
 35  CS       00010000010000 6.023D-08    63.000                       !
 36  SO       00000100010000 2.611D-07     1.200                       !
 37  SO2      00000200010000 5.940D-07   -70.300                       !
 38  OCS      00010100010000 1.250D-11   -34.000                       !
 37  Si       00000000001000 9.288D-19   106.700         A&G : 3.55e-5 !
 38  SiH      01000000001000 3.040D-24    89.690                       !
 39  SiH2     02000000001000 2.331D-23    69.140   *                   !
 40  SiH3     03000000001000 1.333D-23    48.540   *                   !
 41  SiH4     04000000001000 3.574D-22    11.000                       !
 42  SiO      00000100001000 1.388D-15   -24.300                       !
 43  SiO2     00000200001000 1.075D-16   -73.000                       !
 44  Mg       00000000100000 9.998D-17    35.000                       !
 39  Fe       00000000000010 1.480D-08    98.700                       !
 38  C54H18   18540000000000 1.345D-07   -99.999     PAH/nH  =1(-8)    !
 63  G        00600000000000 4.088D-11   -99.999    Ngrain = 8.30(-11) !
 41  H2O*     02000100000001 1.030D-04               H2O*/nH =1.03(-4) !
 42  O2*      00000200000001 9.998D-17                                 !
 42  CO*      00010100000001 8.268D-06               CO*/nH  =8.27(-6) !
 43  CO2*     00010200000001 1.340D-05               CO2*/nH =1.34(-5) !
 39  CH4*     04010000000001 1.550D-06               CH4*/nH =1.55(-6) !
 44  NH3*     03001000000001 1.550D-05               NH3*/nH =1.55(-5) !
 44  N2*      00002000000001 9.998D-17                                 !
 39  CH3OH*   04010100000001 1.860D-06             CH3OH*/nH =1.86(-6) !
 42  H2CO*    02010100000001 6.199D-06              H2CO*/nH =6.20(-6) !
 42  HCO2H*   02010200000001 7.239D-06             HCO2H*/nH =7.24(-6) !
 42  OCS*     00010100010001 2.070D-07               OCS*/nH =2.07(-7) !
 55  H2S*     02000000010001 3.719D-06               H2S*/nH =3.72(-6) !
 62  Fe*      00000000000011 9.998D-17                                 !
 41  SiH4*    04000000001001 9.998D-17                                 !
 42  SiO*     00000100001001 9.998D-17                                 !
 43  SiO2*    00000200001001 9.998D-17                                 !
 59  O**      00000100000002 1.400D-04              Noyaux = 4*3.50(-5)!
 60  Si**     00000000001002 3.369D-05              Noyaux = 3.370(-5) !
 61  Mg**     00000000100002 3.699D-05              Noyaux = 3.700(-5) !
 62  Fe**     00000000000012 3.229D-05              Noyaux = 3.230(-5) !
 63  C**      00010000000002 1.630D-04              Noyaux = 1.630(-4) !
 48  H+       01000001000000 1.751D-11   365.200                       !
 49  H2+      02000001000000 4.570D-15   355.700                       !
 50  H3+      03000001000000 2.418D-11   265.000                       !
 51  He+      00000011000000 1.710D-12   567.000                       !
 52  C+       00010001000000 4.683D-12   429.700         A&G : 3.55e-4 !
 53  CH+      01010001000000 9.224D-19   387.000                       !
 54  CH2+     02010001000000 4.931D-18   331.000                       !
 55  CH3+     03010001000000 4.875D-14   262.000                       !
 56  CH4+     04010001000000 1.903D-18   272.000   **                  !
 57  CH5+     05010001000000 2.387D-15   216.000   *                   !
 58  O+       00000101000000 7.483D-17   373.000                       !
 59  O2+      00000201000000 1.230D-11   278.400                       !
 60  OH+      01000101000000 7.980D-16   309.310                       !
 61  H2O+     02000101000000 1.120D-15   233.700                       !
 62  H3O+     03000101000000 2.677D-10   143.000                       !
 63  CO+      00010101000000 2.783D-17   295.970                       !
 64  HCO+     01010101000000 4.343D-10   197.300                       !
 65  HCO2+    01010201000000 2.266D-15   141.000    *                  !
 66  C2+      00020001000000 3.697D-22   476.000                       !
 67  C2H+     01020001000000 8.359D-22   404.000                       !
 68  C2H2+    02020001000000 3.615D-16   317.500                       !
 69  C2H3+    03020001000000 1.296D-14   267.900                       !
 70  C3+      00030001000000 2.041D-22   479.000    *                  !
 71  C3H+     01030001000000 1.409D-20   381.000    *                  !
 72  C3H2+    02030001000000 3.609D-20   330.000   * **                !
 73  C3H3+    03030001000000 2.563D-16   282.000   * **                !
 74  N+       00001001000000 2.593D-14   447.690                       !
 75  NH+      01001001000000 5.201D-24   401.100                       !
 76  NH2+     02001001000000 2.702D-22   302.700                       !
 77  NH3+     03001001000000 1.562D-19   224.900                       !
 78  NH4+     04001001000000 6.711D-17   151.000    *                  !
 79  CN+      00011001000000 1.340D-19   429.300                       !
 80  C2N+     00021001000000 9.726D-13   410.000    *                  !
 81  HCN+     01011001000000 5.193D-18   346.000                       !
 83  H2CN+    02011001000000 1.793D-10   226.000    *                  !
 84  H2NC+    02011001000000 1.238D-19   265.000    *                  !
 85  N2+      00002001000000 1.193D-18   359.298                       !
 86  N2H+     01002001000000 2.362D-13   247.500                       !
 87  NO+      00001101000000 1.627D-10   235.330                       !
 88  HNO+     01001101000000 2.491D-15   256.800                       !
 92  S+       00000001010000 2.057D-09   304.000     --> S/H = 1.47e-5 !
 93  SH+      01000001010000 1.127D-10   271.800         A&G : 1.86e-5 !
 94  H2S+     02000001010000 5.345D-12   237.000                       !
 95  H3S+     03000001010000 3.005D-10   190.000 *                     !
 96  CS+      00010001010000 2.786D-17   324.000                       !
 97  HCS+     01010001010000 2.259D-12   243.000                       !
 98  SO+      00000101010000 4.002D-09   239.200                       !
 99  HSO+     01000101010000 3.386D-10   210.000                       !
100  HSO2+    01000201010000 6.516D-11   143.000                       !
101  HOCS+    01010101010000 3.252D-14   181.000                       !
 51  Si+      00000001001000 4.457D-21   295.000                       !
109  SiH+     01000001001000 1.243D-22   271.820                       !
110  SiH2+    02000001001000 3.858D-24   276.360   *                   !
111  SiH3+    03000001001000 2.276D-23   237.320   *                   !
112  SiH4+    04000001001000 2.006D-32   279.900                       !
113  SiH5+    05000001001000 2.570D-25   219.380   *                   !
114  SiO+     00000101001000 5.412D-25   239.520                       !
115  SiOH+    01000101001000 3.205D-18   -99.999                       !
102  Fe+      00000001000010 1.990D-10   280.240     LM: Fe/nH=1.5(-8) !
103  C54H18+  18540001000000 8.006D-11   -99.999                       !
 63  G+       00600001000000 2.086D-13   -99.999                       !
104  C54H18-  18540000000100 8.064D-09   -99.999        PAH/nH = 1(-8) !
 63  G-       00600000000100 5.244D-12   -99.999    Ngrain = 8.30(-11) !
