!---- list of chemical species --- Steady state at T =   17.43 K ---------------
!---- WARNING : order = neutrals, species on mantles, ions >0, ions <0 ---------
!---- name, composition, initial density(cm-3), formation enthalpy (kCal/mol) --
!-------------------------------------------------------------------------------
  1  H        01000000000000 1.537D-06    51.634                       !
  2  H2       02000000000000 5.000D-01     0.000                       !
  3  He       00000010000000 9.999D-02     0.000                       !
  4  C        00010000000000 3.410D-11   169.980     --> C/H = 8.27e-5 !
  5  CH       01010000000000 1.157D-10   141.600         A&G : 3.55e-4 !
  6  CH2      02010000000000 1.033D-10    93.900                       !
  7  CH3      03010000000000 5.922D-11    34.800                       !
  8  CH4      04010000000000 3.943D-10   -15.970                       !
  9  O        00000100000000 6.172D-10    58.980     --> O/H = 1.24e-4 !
 10  O2       00000200000000 3.646D-11     0.000         A&G : 7.41e-4 !
 11  OH       01000100000000 2.044D-08     9.250                       !
 12  H2O      02000100000000 1.765D-08   -57.100                       !
 13  CO       00010100000000 3.379D-08   -27.200                       !
 14  CO2      00010200000000 3.037D-09   -93.965                       !
 15  C2       00020000000000 3.980D-16   198.200                       !
 16  C2H      01020000000000 1.010D-14   113.300                       !
 17  C2H2     02020000000000 8.026D-16    56.320                       !
 18  C3       00030000000000 5.947D-22   194.000                       !
 19  C3H      01030000000000 1.252D-20   177.000   ***                 !
 20  C3H2     02030000000000 2.021D-19   114.000   ***                 !
 39  CH3OH    04010100000000 1.860D-06   -99.999                       !
 42  H2CO     02010100000000 6.198D-06   -99.999                       !
 42  HCO2H    02010200000000 7.238D-06   -99.999                       !
 21  N        00001000000000 4.967D-12   112.530     --> N/H = 6.39e-5 !
 22  NH       01001000000000 2.452D-11    90.000         A&G : 9.33e-5 !
 23  NH2      02001000000000 1.062D-08    46.200                       !
 24  NH3      03001000000000 8.051D-09    -9.299                       !
 25  CN       00011000000000 1.909D-14   103.200                       !
 26  HCN      01011000000000 5.986D-13    32.390                       !
 27  HNC      01011000000000 6.897D-13    48.000                       !
 28  N2       00002000000000 4.944D-17     0.000                       !
 29  NO       00001100000000 9.341D-15    21.460                       !
 32  S        00000000010000 2.672D-09    65.600         A&G : 1.86e-5 !
 33  SH       01000000010000 8.646D-10    32.600                       !
 34  H2S      02000000010000 3.544D-09    -4.230                       !
 35  CS       00010000010000 6.473D-13    63.000                       !
 36  SO       00000100010000 5.693D-13     1.200                       !
 37  SO2      00000200010000 8.989D-14   -70.300                       !
 38  OCS      00010100010000 7.740D-14   -34.000                       !
 37  Si       00000000001000 8.858D-27   106.700         A&G : 3.55e-5 !
 38  SiH      01000000001000 1.001D-27    89.690                       !
 39  SiH2     02000000001000 8.784D-29    69.140   *                   !
 40  SiH3     03000000001000 9.258D-32    48.540   *                   !
 41  SiH4     04000000001000 1.531D-31    11.000                       !
 42  SiO      00000100001000 6.338D-27   -24.300                       !
 43  SiO2     00000200001000 1.842D-25   -73.000                       !
 44  Mg       00000000100000 2.903D-07    35.000                       !
 39  Fe       00000000000010 2.612D-23    98.700                       !
 38  C54H18   18540000000000 1.279D-07   -99.999     PAH/nH  =1(-8)    !
 63  G        00600000000000 3.349D-11   -99.999    Ngrain = 8.30(-11) !
 41  H2O*     02000100000001 1.346D-04               H2O*/nH =1.03(-4) !
 42  O2*      00000200000001 5.778D-06                                 !
 42  CO*      00010100000001 9.138D-05               CO*/nH  =8.27(-6) !
 43  CO2*     00010200000001 1.253D-05               CO2*/nH =1.34(-5) !
 39  CH4*     04010000000001 2.482D-06               CH4*/nH =1.55(-6) !
 44  NH3*     03001000000001 6.985D-05               NH3*/nH =1.55(-5) !
 44  N2*      00002000000001 4.764D-06                                 !
 39  CH3OH*   04010100000001 1.251-314             CH3OH*/nH =1.86(-6) !
 42  H2CO*    02010100000001 1.274-314              H2CO*/nH =6.20(-6) !
 42  HCO2H*   02010200000001 1.278-314             HCO2H*/nH =7.24(-6) !
 42  OCS*     00010100010001 3.644D-10               OCS*/nH =2.07(-7) !
 55  H2S*     02000000010001 1.861D-05               H2S*/nH =3.72(-6) !
 62  Fe*      00000000000011 3.511D-07                                 !
 41  SiH4*    04000000001001 3.414D-09                                 !
 42  SiO*     00000100001001 2.754D-07                                 !
 43  SiO2*    00000200001001 4.601D-08                                 !
 59  O**      00000100000002 1.391D-04              Noyaux = 4*3.50(-5)!
 60  Si**     00000000001002 3.336D-05              Noyaux = 3.370(-5) !
 61  Mg**     00000000100002 3.669D-05              Noyaux = 3.700(-5) !
 62  Fe**     00000000000012 3.195D-05              Noyaux = 3.230(-5) !
 63  C**      00010000000002 1.627D-04              Noyaux = 1.630(-4) !
 48  H+       01000001000000 1.914D-09   365.200                       !
 49  H2+      02000001000000 7.058D-14   355.700                       !
 50  H3+      03000001000000 1.620D-08   265.000                       !
 51  He+      00000011000000 6.907D-11   567.000                       !
 52  C+       00010001000000 1.663D-12   429.700         A&G : 3.55e-4 !
 53  CH+      01010001000000 3.038D-18   387.000                       !
 54  CH2+     02010001000000 1.374D-17   331.000                       !
 55  CH3+     03010001000000 1.095D-12   262.000                       !
 56  CH4+     04010001000000 1.580D-16   272.000   **                  !
 57  CH5+     05010001000000 5.373D-12   216.000   *                   !
 58  O+       00000101000000 1.362D-18   373.000                       !
 59  O2+      00000201000000 1.451D-14   278.400                       !
 60  OH+      01000101000000 1.897D-16   309.310                       !
 61  H2O+     02000101000000 1.937D-15   233.700                       !
 62  H3O+     03000101000000 8.774D-11   143.000                       !
 63  CO+      00010101000000 3.022D-19   295.970                       !
 64  HCO+     01010101000000 1.187D-10   197.300                       !
 65  HCO2+    01010201000000 1.739D-11   141.000    *                  !
 66  C2+      00020001000000 1.499D-22   476.000                       !
 67  C2H+     01020001000000 2.663D-22   404.000                       !
 68  C2H2+    02020001000000 1.419D-16   317.500                       !
 69  C2H3+    03020001000000 1.334D-16   267.900                       !
 70  C3+      00030001000000 1.124D-25   479.000    *                  !
 71  C3H+     01030001000000 7.975D-24   381.000    *                  !
 72  C3H2+    02030001000000 2.329D-22   330.000   * **                !
 73  C3H3+    03030001000000 5.356D-21   282.000   * **                !
 74  N+       00001001000000 2.207D-14   447.690                       !
 75  NH+      01001001000000 1.835D-18   401.100                       !
 76  NH2+     02001001000000 4.724D-16   302.700                       !
 77  NH3+     03001001000000 3.790D-13   224.900                       !
 78  NH4+     04001001000000 6.094D-11   151.000    *                  !
 79  CN+      00011001000000 3.320D-22   429.300                       !
 80  C2N+     00021001000000 1.429D-18   410.000    *                  !
 81  HCN+     01011001000000 7.204D-20   346.000                       !
 83  H2CN+    02011001000000 4.138D-14   226.000    *                  !
 84  H2NC+    02011001000000 1.761D-15   265.000    *                  !
 85  N2+      00002001000000 2.791D-27   359.298                       !
 86  N2H+     01002001000000 8.666D-20   247.500                       !
 87  NO+      00001101000000 2.875D-17   235.330                       !
 88  HNO+     01001101000000 3.236D-17   256.800                       !
 92  S+       00000001010000 9.329D-12   304.000     --> S/H = 1.47e-5 !
 93  SH+      01000001010000 2.939D-11   271.800         A&G : 1.86e-5 !
 94  H2S+     02000001010000 1.527D-11   237.000                       !
 95  H3S+     03000001010000 2.932D-11   190.000 *                     !
 96  CS+      00010001010000 3.883D-20   324.000                       !
 97  HCS+     01010001010000 4.115D-15   243.000                       !
 98  SO+      00000101010000 3.766D-14   239.200                       !
 99  HSO+     01000101010000 5.185D-15   210.000                       !
100  HSO2+    01000201010000 5.585D-16   143.000                       !
101  HOCS+    01010101010000 3.530D-16   181.000                       !
 51  Si+      00000001001000 1.869D-28   295.000                       !
109  SiH+     01000001001000 5.232D-29   271.820                       !
110  SiH2+    02000001001000 2.719D-29   276.360   *                   !
111  SiH3+    03000001001000 2.669D-30   237.320   *                   !
112  SiH4+    04000001001000 6.878D-39   279.900                       !
113  SiH5+    05000001001000 2.738D-33   219.380   *                   !
114  SiO+     00000101001000 3.157D-34   239.520                       !
115  SiOH+    01000101001000 5.170D-29   -99.999                       !
102  Fe+      00000001000010 3.613D-24   280.240     LM: Fe/nH=1.5(-8) !
103  C54H18+  18540001000000 1.233D-10   -99.999                       !
 63  G+       00600001000000 2.592D-13   -99.999                       !
104  C54H18-  18540000000100 1.458D-08   -99.999        PAH/nH = 1(-8) !
 63  G-       00600000000100 1.259D-11   -99.999    Ngrain = 8.30(-11) !
