!---- list of chemical species --- Steady state at T =   34.11 K ---------------
!---- WARNING : order = neutrals, species on mantles, ions >0, ions <0 ---------
!---- name, composition, initial density(cm-3), formation enthalpy (kCal/mol) --
!-------------------------------------------------------------------------------
  1  H        01000000000000 3.004D-02    51.634                       !
  2  H2       02000000000000 4.850D-01     0.000                       !
  3  He       00000010000000 9.999D-02     0.000                       !
  4  C        00010000000000 5.320D-07   169.980     --> C/H = 8.27e-5 !
  5  CH       01010000000000 1.785D-10   141.600         A&G : 3.55e-4 !
  6  CH2      02010000000000 1.091D-12    93.900                       !
  7  CH3      03010000000000 2.030D-09    34.800                       !
  8  CH4      04010000000000 1.345D-06   -15.970                       !
  9  O        00000100000000 2.217D-07    58.980     --> O/H = 1.24e-4 !
 10  O2       00000200000000 2.315D-07     0.000         A&G : 7.41e-4 !
 11  OH       01000100000000 1.399D-08     9.250                       !
 12  H2O      02000100000000 7.739D-05   -57.100                       !
 13  CO       00010100000000 7.940D-05   -27.200                       !
 14  CO2      00010200000000 9.989D-06   -93.965                       !
 15  C2       00020000000000 1.710D-14   198.200                       !
 16  C2H      01020000000000 6.901D-12   113.300                       !
 17  C2H2     02020000000000 6.780D-10    56.320                       !
 18  C3       00030000000000 6.386D-16   194.000                       !
 19  C3H      01030000000000 1.721D-14   177.000   ***                 !
 20  C3H2     02030000000000 3.486D-13   114.000   ***                 !
 39  CH3OH    04010100000000 8.741D-07   -99.999                       !
 42  H2CO     02010100000000 2.913D-06   -99.999                       !
 42  HCO2H    02010200000000 3.402D-06   -99.999                       !
 21  N        00001000000000 4.819D-05   112.530     --> N/H = 6.39e-5 !
 22  NH       01001000000000 9.632D-10    90.000         A&G : 9.33e-5 !
 23  NH2      02001000000000 5.241D-07    46.200                       !
 24  NH3      03001000000000 1.063D-05    -9.299                       !
 25  CN       00011000000000 7.750D-09   103.200                       !
 26  HCN      01011000000000 2.721D-07    32.390                       !
 27  HNC      01011000000000 7.897D-10    48.000                       !
 28  N2       00002000000000 2.221D-06     0.000                       !
 29  NO       00001100000000 1.690D-08    21.460                       !
 32  S        00000000010000 1.469D-05    65.600         A&G : 1.86e-5 !
 33  SH       01000000010000 1.588D-14    32.600                       !
 34  H2S      02000000010000 1.234D-10    -4.230                       !
 35  CS       00010000010000 6.023D-08    63.000                       !
 36  SO       00000100010000 1.136D-08     1.200                       !
 37  SO2      00000200010000 2.774D-10   -70.300                       !
 38  OCS      00010100010000 7.253D-12   -34.000                       !
 37  Si       00000000001000 1.472D-17   106.700         A&G : 3.55e-5 !
 38  SiH      01000000001000 1.412D-29    89.690                       !
 39  SiH2     02000000001000 1.374D-33    69.140   *                   !
 40  SiH3     03000000001000 6.005D-38    48.540   *                   !
 41  SiH4     04000000001000 9.679D-32    11.000                       !
 42  SiO      00000100001000 1.382D-15   -24.300                       !
 43  SiO2     00000200001000 4.776D-17   -73.000                       !
 44  Mg       00000000100000 9.999D-17    35.000                       !
 39  Fe       00000000000010 1.363D-08    98.700                       !
 38  C54H18   18540000000000 1.292D-07   -99.999     PAH/nH  =1(-8)    !
 63  G        00600000000000 3.400D-11   -99.999    Ngrain = 8.30(-11) !
 41  H2O*     02000100000001 6.535D-05               H2O*/nH =1.03(-4) !
 42  O2*      00000200000001 5.764D-08                                 !
 42  CO*      00010100000001 1.049D-05               CO*/nH  =8.27(-6) !
 43  CO2*     00010200000001 3.332D-06               CO2*/nH =1.34(-5) !
 39  CH4*     04010000000001 4.627D-07               CH4*/nH =1.55(-6) !
 44  NH3*     03001000000001 1.459D-05               NH3*/nH =1.55(-5) !
 44  N2*      00002000000001 2.856D-07                                 !
 39  CH3OH*   04010100000001 9.525D-07             CH3OH*/nH =1.86(-6) !
 42  H2CO*    02010100000001 3.175D-06              H2CO*/nH =6.20(-6) !
 42  HCO2H*   02010200000001 3.707D-06             HCO2H*/nH =7.24(-6) !
 42  OCS*     00010100010001 1.060D-07               OCS*/nH =2.07(-7) !
 55  H2S*     02000000010001 3.682D-06               H2S*/nH =3.72(-6) !
 62  Fe*      00000000000011 1.233D-09                                 !
 41  SiH4*    04000000001001 9.819D-17                                 !
 42  SiO*     00000100001001 1.435D-16                                 !
 43  SiO2*    00000200001001 1.008D-16                                 !
 59  O**      00000100000002 1.353D-04              Noyaux = 4*3.50(-5)!
 60  Si**     00000000001002 3.256D-05              Noyaux = 3.370(-5) !
 61  Mg**     00000000100002 3.575D-05              Noyaux = 3.700(-5) !
 62  Fe**     00000000000012 3.121D-05              Noyaux = 3.230(-5) !
 63  C**      00010000000002 1.575D-04              Noyaux = 1.630(-4) !
 48  H+       01000001000000 5.376D-12   365.200                       !
 49  H2+      02000001000000 2.989D-14   355.700                       !
 50  H3+      03000001000000 4.791D-11   265.000                       !
 51  He+      00000011000000 6.465D-12   567.000                       !
 52  C+       00010001000000 1.010D-12   429.700         A&G : 3.55e-4 !
 53  CH+      01010001000000 1.310D-16   387.000                       !
 54  CH2+     02010001000000 2.475D-16   331.000                       !
 55  CH3+     03010001000000 3.396D-12   262.000                       !
 56  CH4+     04010001000000 4.462D-16   272.000   **                  !
 57  CH5+     05010001000000 3.991D-13   216.000   *                   !
 58  O+       00000101000000 2.236D-17   373.000                       !
 59  O2+      00000201000000 1.180D-13   278.400                       !
 60  OH+      01000101000000 1.858D-15   309.310                       !
 61  H2O+     02000101000000 1.123D-14   233.700                       !
 62  H3O+     03000101000000 1.015D-09   143.000                       !
 63  CO+      00010101000000 9.637D-17   295.970                       !
 64  HCO+     01010101000000 3.841D-11   197.300                       !
 65  HCO2+    01010201000000 1.186D-11   141.000    *                  !
 66  C2+      00020001000000 1.061D-20   476.000                       !
 67  C2H+     01020001000000 2.230D-20   404.000                       !
 68  C2H2+    02020001000000 1.965D-14   317.500                       !
 69  C2H3+    03020001000000 1.684D-14   267.900                       !
 70  C3+      00030001000000 6.620D-23   479.000    *                  !
 71  C3H+     01030001000000 1.157D-18   381.000    *                  !
 72  C3H2+    02030001000000 1.756D-16   330.000   * **                !
 73  C3H3+    03030001000000 5.690D-15   282.000   * **                !
 74  N+       00001001000000 7.506D-15   447.690                       !
 75  NH+      01001001000000 4.925D-17   401.100                       !
 76  NH2+     02001001000000 1.545D-15   302.700                       !
 77  NH3+     03001001000000 2.788D-12   224.900                       !
 78  NH4+     04001001000000 9.504D-09   151.000    *                  !
 79  CN+      00011001000000 5.314D-18   429.300                       !
 80  C2N+     00021001000000 8.012D-15   410.000    *                  !
 81  HCN+     01011001000000 6.908D-17   346.000                       !
 83  H2CN+    02011001000000 2.547D-09   226.000    *                  !
 84  H2NC+    02011001000000 1.700D-11   265.000    *                  !
 85  N2+      00002001000000 1.018D-17   359.298                       !
 86  N2H+     01002001000000 4.415D-13   247.500                       !
 87  NO+      00001101000000 4.800D-12   235.330                       !
 88  HNO+     01001101000000 4.470D-15   256.800                       !
 92  S+       00000001010000 1.141D-10   304.000     --> S/H = 1.47e-5 !
 93  SH+      01000001010000 6.003D-13   271.800         A&G : 1.86e-5 !
 94  H2S+     02000001010000 9.557D-17   237.000                       !
 95  H3S+     03000001010000 3.062D-16   190.000 *                     !
 96  CS+      00010001010000 8.245D-18   324.000                       !
 97  HCS+     01010001010000 4.363D-11   243.000                       !
 98  SO+      00000101010000 1.940D-13   239.200                       !
 99  HSO+     01000101010000 4.417D-12   210.000                       !
100  HSO2+    01000201010000 1.579D-13   143.000                       !
101  HOCS+    01010101010000 8.347D-14   181.000                       !
 51  Si+      00000001001000 6.762D-22   295.000                       !
109  SiH+     01000001001000 5.320D-25   271.820                       !
110  SiH2+    02000001001000 3.329D-26   276.360   *                   !
111  SiH3+    03000001001000 3.238D-30   237.320   *                   !
112  SiH4+    04000001001000 1.589D-42   279.900                       !
113  SiH5+    05000001001000 3.001D-35   219.380   *                   !
114  SiO+     00000101001000 1.601D-25   239.520                       !
115  SiOH+    01000101001000 6.205D-18   -99.999                       !
102  Fe+      00000001000010 1.123D-10   280.240     LM: Fe/nH=1.5(-8) !
103  C54H18+  18540001000000 2.760D-10   -99.999                       !
 63  G+       00600001000000 9.574D-13   -99.999                       !
104  C54H18-  18540000000100 1.318D-08   -99.999        PAH/nH = 1(-8) !
 63  G-       00600000000100 1.002D-11   -99.999    Ngrain = 8.30(-11) !
