!---- list of chemical species --- Steady state at T =   16.01 K ---------------
!---- WARNING : order = neutrals, species on mantles, ions >0, ions <0 ---------
!---- name, composition, initial density(cm-3), formation enthalpy (kCal/mol) --
!-------------------------------------------------------------------------------
  1  H        01000000000000 6.994D-07    51.634                       !
  2  H2       02000000000000 5.000D-01     0.000                       !
  3  He       00000010000000 9.998D-02     0.000                       !
  4  C        00010000000000 8.295D-12   169.980     --> C/H = 8.27e-5 !
  5  CH       01010000000000 2.932D-11   141.600         A&G : 3.55e-4 !
  6  CH2      02010000000000 2.707D-11    93.900                       !
  7  CH3      03010000000000 1.978D-11    34.800                       !
  8  CH4      04010000000000 1.687D-10   -15.970                       !
  9  O        00000100000000 2.062D-10    58.980     --> O/H = 1.24e-4 !
 10  O2       00000200000000 4.969D-12     0.000         A&G : 7.41e-4 !
 11  OH       01000100000000 7.259D-09     9.250                       !
 12  H2O      02000100000000 9.049D-09   -57.100                       !
 13  CO       00010100000000 1.520D-08   -27.200                       !
 14  CO2      00010200000000 1.692D-09   -93.965                       !
 15  C2       00020000000000 2.214D-17   198.200                       !
 16  C2H      01020000000000 1.230D-15   113.300                       !
 17  C2H2     02020000000000 1.173D-16    56.320                       !
 18  C3       00030000000000 7.385D-24   194.000                       !
 19  C3H      01030000000000 3.376D-22   177.000   ***                 !
 20  C3H2     02030000000000 8.170D-21   114.000   ***                 !
 39  CH3OH    04010100000000 1.859D-06   -99.999                       !
 42  H2CO     02010100000000 6.196D-06   -99.999                       !
 42  HCO2H    02010200000000 7.236D-06   -99.999                       !
 21  N        00001000000000 9.093D-13   112.530     --> N/H = 6.39e-5 !
 22  NH       01001000000000 6.676D-12    90.000         A&G : 9.33e-5 !
 23  NH2      02001000000000 4.234D-09    46.200                       !
 24  NH3      03001000000000 4.395D-09    -9.299                       !
 25  CN       00011000000000 1.348D-15   103.200                       !
 26  HCN      01011000000000 7.513D-14    32.390                       !
 27  HNC      01011000000000 8.762D-14    48.000                       !
 28  N2       00002000000000 2.496D-18     0.000                       !
 29  NO       00001100000000 5.231D-16    21.460                       !
 32  S        00000000010000 7.661D-10    65.600         A&G : 1.86e-5 !
 33  SH       01000000010000 4.463D-10    32.600                       !
 34  H2S      02000000010000 2.008D-09    -4.230                       !
 35  CS       00010000010000 8.893D-12    63.000                       !
 36  SO       00000100010000 4.361D-14     1.200                       !
 37  SO2      00000200010000 3.148D-15   -70.300                       !
 38  OCS      00010100010000 2.099D-11   -34.000                       !
 37  Si       00000000001000 2.809D-61   106.700         A&G : 3.55e-5 !
 38  SiH      01000000001000 4.062D-62    89.690                       !
 39  SiH2     02000000001000 6.977D-63    69.140   *                   !
 40  SiH3     03000000001000 1.620D-65    48.540   *                   !
 41  SiH4     04000000001000 2.349D-65    11.000                       !
 42  SiO      00000100001000 2.295D-61   -24.300                       !
 43  SiO2     00000200001000 1.417D-59   -73.000                       !
 44  Mg       00000000100000 9.998D-17    35.000                       !
 39  Fe       00000000000010 1.341D-48    98.700                       !
 38  C54H18   18540000000000 1.323D-07   -99.999     PAH/nH  =1(-8)    !
 63  G        00600000000000 3.602D-11   -99.999    Ngrain = 8.30(-11) !
 41  H2O*     02000100000001 1.263D-04               H2O*/nH =1.03(-4) !
 42  O2*      00000200000001 9.427D-06                                 !
 42  CO*      00010100000001 9.095D-05               CO*/nH  =8.27(-6) !
 43  CO2*     00010200000001 1.294D-05               CO2*/nH =1.34(-5) !
 39  CH4*     04010000000001 2.016D-06               CH4*/nH =1.55(-6) !
 44  NH3*     03001000000001 7.052D-05               NH3*/nH =1.55(-5) !
 44  N2*      00002000000001 4.428D-06                                 !
 39  CH3OH*   04010100000001 5.168D-31             CH3OH*/nH =1.86(-6) !
 42  H2CO*    02010100000001 1.722D-30              H2CO*/nH =6.20(-6) !
 42  HCO2H*   02010200000001 2.011D-30             HCO2H*/nH =7.24(-6) !
 42  OCS*     00010100010001 1.712D-07               OCS*/nH =2.07(-7) !
 55  H2S*     02000000010001 1.845D-05               H2S*/nH =3.72(-6) !
 62  Fe*      00000000000011 1.499D-08                                 !
 41  SiH4*    04000000001001 1.151D-16                                 !
 42  SiO*     00000100001001 1.467D-15                                 !
 43  SiO2*    00000200001001 2.176D-16                                 !
 59  O**      00000100000002 1.399D-04              Noyaux = 4*3.50(-5)!
 60  Si**     00000000001002 3.367D-05              Noyaux = 3.370(-5) !
 61  Mg**     00000000100002 3.697D-05              Noyaux = 3.700(-5) !
 62  Fe**     00000000000012 3.228D-05              Noyaux = 3.230(-5) !
 63  C**      00010000000002 1.629D-04              Noyaux = 1.630(-4) !
 48  H+       01000001000000 1.111D-09   365.200                       !
 49  H2+      02000001000000 3.055D-14   355.700                       !
 50  H3+      03000001000000 1.049D-08   265.000                       !
 51  He+      00000011000000 2.950D-11   567.000                       !
 52  C+       00010001000000 4.236D-13   429.700         A&G : 3.55e-4 !
 53  CH+      01010001000000 4.684D-19   387.000                       !
 54  CH2+     02010001000000 2.301D-18   331.000                       !
 55  CH3+     03010001000000 3.107D-13   262.000                       !
 56  CH4+     04010001000000 3.602D-17   272.000   **                  !
 57  CH5+     05010001000000 3.150D-12   216.000   *                   !
 58  O+       00000101000000 2.117D-19   373.000                       !
 59  O2+      00000201000000 2.404D-15   278.400                       !
 60  OH+      01000101000000 3.935D-17   309.310                       !
 61  H2O+     02000101000000 4.855D-16   233.700                       !
 62  H3O+     03000101000000 5.450D-11   143.000                       !
 63  CO+      00010101000000 6.548D-20   295.970                       !
 64  HCO+     01010101000000 6.794D-11   197.300                       !
 65  HCO2+    01010201000000 1.328D-11   141.000    *                  !
 66  C2+      00020001000000 9.815D-24   476.000                       !
 67  C2H+     01020001000000 1.782D-23   404.000                       !
 68  C2H2+    02020001000000 2.550D-17   317.500                       !
 69  C2H3+    03020001000000 3.082D-17   267.900                       !
 70  C3+      00030001000000 3.481D-27   479.000    *                  !
 71  C3H+     01030001000000 2.313D-25   381.000    *                  !
 72  C3H2+    02030001000000 1.065D-23   330.000   * **                !
 73  C3H3+    03030001000000 3.466D-22   282.000   * **                !
 74  N+       00001001000000 8.838D-15   447.690                       !
 75  NH+      01001001000000 3.189D-19   401.100                       !
 76  NH2+     02001001000000 1.076D-16   302.700                       !
 77  NH3+     03001001000000 1.003D-13   224.900                       !
 78  NH4+     04001001000000 4.165D-11   151.000    *                  !
 79  CN+      00011001000000 1.890D-23   429.300                       !
 80  C2N+     00021001000000 9.830D-20   410.000    *                  !
 81  HCN+     01011001000000 6.739D-21   346.000                       !
 83  H2CN+    02011001000000 7.600D-15   226.000    *                  !
 84  H2NC+    02011001000000 5.237D-16   265.000    *                  !
 85  N2+      00002001000000 6.144D-29   359.298                       !
 86  N2H+     01002001000000 5.808D-21   247.500                       !
 87  NO+      00001101000000 8.924D-18   235.330                       !
 88  HNO+     01001101000000 2.511D-18   256.800                       !
 92  S+       00000001010000 2.646D-12   304.000     --> S/H = 1.47e-5 !
 93  SH+      01000001010000 1.075D-11   271.800         A&G : 1.86e-5 !
 94  H2S+     02000001010000 1.075D-11   237.000                       !
 95  H3S+     03000001010000 2.142D-11   190.000 *                     !
 96  CS+      00010001010000 2.051D-19   324.000                       !
 97  HCS+     01010001010000 5.250D-14   243.000                       !
 98  SO+      00000101010000 8.305D-15   239.200                       !
 99  HSO+     01000101010000 5.500D-16   210.000                       !
100  HSO2+    01000201010000 2.710D-17   143.000                       !
101  HOCS+    01010101010000 1.325D-13   181.000                       !
 51  Si+      00000001001000 4.877D-63   295.000                       !
109  SiH+     01000001001000 2.227D-63   271.820                       !
110  SiH2+    02000001001000 1.259D-63   276.360   *                   !
111  SiH3+    03000001001000 2.717D-64   237.320   *                   !
112  SiH4+    04000001001000 7.580D-73   279.900                       !
113  SiH5+    05000001001000 6.156D-67   219.380   *                   !
114  SiO+     00000101001000 6.922D-69   239.520                       !
115  SiOH+    01000101001000 2.553D-63   -99.999                       !
102  Fe+      00000001000010 1.555D-49   280.240     LM: Fe/nH=1.5(-8) !
103  C54H18+  18540001000000 1.698D-10   -99.999                       !
 63  G+       00600001000000 2.917D-13   -99.999                       !
104  C54H18-  18540000000100 1.019D-08   -99.999        PAH/nH = 1(-8) !
 63  G-       00600000000100 1.001D-11   -99.999    Ngrain = 8.30(-11) !
