!---- list of chemical species --- Steady state at T =  108.89 K ---------------
!---- WARNING : order = neutrals, species on mantles, ions >0, ions <0 ---------
!---- name, composition, initial density(cm-3), formation enthalpy (kCal/mol) --
!-------------------------------------------------------------------------------
  1  H        01000000000000 8.106D-02    51.634                       !
  2  H2       02000000000000 4.595D-01     0.000                       !
  3  He       00000010000000 9.999D-02     0.000                       !
  4  C        00010000000000 7.477D-07   169.980     --> C/H = 8.27e-5 !
  5  CH       01010000000000 5.638D-10   141.600         A&G : 3.55e-4 !
  6  CH2      02010000000000 6.024D-15    93.900                       !
  7  CH3      03010000000000 5.229D-09    34.800                       !
  8  CH4      04010000000000 5.305D-07   -15.970                       !
  9  O        00000100000000 8.255D-08    58.980     --> O/H = 1.24e-4 !
 10  O2       00000200000000 5.542D-08     0.000         A&G : 7.41e-4 !
 11  OH       01000100000000 3.188D-09     9.250                       !
 12  H2O      02000100000000 3.967D-05   -57.100                       !
 13  CO       00010100000000 7.621D-05   -27.200                       !
 14  CO2      00010200000000 3.258D-08   -93.965                       !
 15  C2       00020000000000 8.212D-17   198.200                       !
 16  C2H      01020000000000 2.751D-13   113.300                       !
 17  C2H2     02020000000000 7.276D-10    56.320                       !
 18  C3       00030000000000 6.490D-16   194.000                       !
 19  C3H      01030000000000 1.981D-14   177.000   ***                 !
 20  C3H2     02030000000000 3.747D-13   114.000   ***                 !
 39  CH3OH    04010100000000 7.075D-10   -99.999                       !
 42  H2CO     02010100000000 2.358D-09   -99.999                       !
 42  HCO2H    02010200000000 2.754D-09   -99.999                       !
 21  N        00001000000000 5.175D-05   112.530     --> N/H = 6.39e-5 !
 22  NH       01001000000000 1.115D-10    90.000         A&G : 9.33e-5 !
 23  NH2      02001000000000 6.887D-08    46.200                       !
 24  NH3      03001000000000 2.528D-06    -9.299                       !
 25  CN       00011000000000 2.006D-09   103.200                       !
 26  HCN      01011000000000 2.253D-07    32.390                       !
 27  HNC      01011000000000 2.312D-12    48.000                       !
 28  N2       00002000000000 2.086D-06     0.000                       !
 29  NO       00001100000000 5.133D-09    21.460                       !
 32  S        00000000010000 1.382D-05    65.600         A&G : 1.86e-5 !
 33  SH       01000000010000 5.525D-15    32.600                       !
 34  H2S      02000000010000 1.503D-11    -4.230                       !
 35  CS       00010000010000 5.314D-08    63.000                       !
 36  SO       00000100010000 8.421D-09     1.200                       !
 37  SO2      00000200010000 1.198D-11   -70.300                       !
 38  OCS      00010100010000 1.927D-12   -34.000                       !
 37  Si       00000000001000 1.225D-17   106.700         A&G : 3.55e-5 !
 38  SiH      01000000001000 1.829D-30    89.690                       !
 39  SiH2     02000000001000 3.920D-35    69.140   *                   !
 40  SiH3     03000000001000 7.967D-37    48.540   *                   !
 41  SiH4     04000000001000 2.235D-31    11.000                       !
 42  SiO      00000100001000 1.352D-15   -24.300                       !
 43  SiO2     00000200001000 4.946D-17   -73.000                       !
 44  Mg       00000000100000 9.999D-17    35.000                       !
 39  Fe       00000000000010 1.396D-08    98.700                       !
 38  C54H18   18540000000000 1.214D-07   -99.999     PAH/nH  =1(-8)    !
 63  G        00600000000000 2.586D-11   -99.999    Ngrain = 8.30(-11) !
 41  H2O*     02000100000001 1.051D-04               H2O*/nH =1.03(-4) !
 42  O2*      00000200000001 1.828D-08                                 !
 42  CO*      00010100000001 1.295D-05               CO*/nH  =8.27(-6) !
 43  CO2*     00010200000001 1.326D-05               CO2*/nH =1.34(-5) !
 39  CH4*     04010000000001 1.663D-06               CH4*/nH =1.55(-6) !
 44  NH3*     03001000000001 2.022D-05               NH3*/nH =1.55(-5) !
 44  N2*      00002000000001 1.303D-07                                 !
 39  CH3OH*   04010100000001 1.842D-06             CH3OH*/nH =1.86(-6) !
 42  H2CO*    02010100000001 6.140D-06              H2CO*/nH =6.20(-6) !
 42  HCO2H*   02010200000001 7.170D-06             HCO2H*/nH =7.24(-6) !
 42  OCS*     00010100010001 2.050D-07               OCS*/nH =2.07(-7) !
 55  H2S*     02000000010001 4.497D-06               H2S*/nH =3.72(-6) !
 62  Fe*      00000000000011 6.167D-10                                 !
 41  SiH4*    04000000001001 9.969D-17                                 !
 42  SiO*     00000100001001 1.665D-16                                 !
 43  SiO2*    00000200001001 1.012D-16                                 !
 59  O**      00000100000002 1.387D-04              Noyaux = 4*3.50(-5)!
 60  Si**     00000000001002 3.338D-05              Noyaux = 3.370(-5) !
 61  Mg**     00000000100002 3.665D-05              Noyaux = 3.700(-5) !
 62  Fe**     00000000000012 3.199D-05              Noyaux = 3.230(-5) !
 63  C**      00010000000002 1.615D-04              Noyaux = 1.630(-4) !
 48  H+       01000001000000 1.859D-11   365.200                       !
 49  H2+      02000001000000 2.929D-14   355.700                       !
 50  H3+      03000001000000 7.661D-11   265.000                       !
 51  He+      00000011000000 1.432D-11   567.000                       !
 52  C+       00010001000000 8.002D-12   429.700         A&G : 3.55e-4 !
 53  CH+      01010001000000 3.620D-16   387.000                       !
 54  CH2+     02010001000000 6.507D-16   331.000                       !
 55  CH3+     03010001000000 8.139D-12   262.000                       !
 56  CH4+     04010001000000 4.612D-16   272.000   **                  !
 57  CH5+     05010001000000 4.495D-13   216.000   *                   !
 58  O+       00000101000000 2.296D-18   373.000                       !
 59  O2+      00000201000000 8.139D-14   278.400                       !
 60  OH+      01000101000000 7.439D-16   309.310                       !
 61  H2O+     02000101000000 1.696D-14   233.700                       !
 62  H3O+     03000101000000 3.368D-09   143.000                       !
 63  CO+      00010101000000 3.482D-18   295.970                       !
 64  HCO+     01010101000000 1.037D-10   197.300                       !
 65  HCO2+    01010201000000 6.961D-14   141.000    *                  !
 66  C2+      00020001000000 2.875D-20   476.000                       !
 67  C2H+     01020001000000 6.999D-20   404.000                       !
 68  C2H2+    02020001000000 9.192D-15   317.500                       !
 69  C2H3+    03020001000000 1.303D-13   267.900                       !
 70  C3+      00030001000000 6.436D-23   479.000    *                  !
 71  C3H+     01030001000000 2.539D-18   381.000    *                  !
 72  C3H2+    02030001000000 2.016D-14   330.000   * **                !
 73  C3H3+    03030001000000 1.513D-14   282.000   * **                !
 74  N+       00001001000000 4.358D-16   447.690                       !
 75  NH+      01001001000000 5.807D-17   401.100                       !
 76  NH2+     02001001000000 8.582D-16   302.700                       !
 77  NH3+     03001001000000 3.158D-12   224.900                       !
 78  NH4+     04001001000000 1.008D-08   151.000    *                  !
 79  CN+      00011001000000 1.025D-17   429.300                       !
 80  C2N+     00021001000000 1.860D-16   410.000    *                  !
 81  HCN+     01011001000000 1.866D-16   346.000                       !
 83  H2CN+    02011001000000 5.597D-09   226.000    *                  !
 84  H2NC+    02011001000000 3.178D-11   265.000    *                  !
 85  N2+      00002001000000 1.692D-17   359.298                       !
 86  N2H+     01002001000000 1.148D-12   247.500                       !
 87  NO+      00001101000000 3.196D-11   235.330                       !
 88  HNO+     01001101000000 3.773D-15   256.800                       !
 92  S+       00000001010000 7.310D-10   304.000     --> S/H = 1.47e-5 !
 93  SH+      01000001010000 3.629D-13   271.800         A&G : 1.86e-5 !
 94  H2S+     02000001010000 1.743D-17   237.000                       !
 95  H3S+     03000001010000 5.724D-17   190.000 *                     !
 96  CS+      00010001010000 2.442D-17   324.000                       !
 97  HCS+     01010001010000 1.362D-10   243.000                       !
 98  SO+      00000101010000 9.764D-13   239.200                       !
 99  HSO+     01000101010000 3.279D-12   210.000                       !
100  HSO2+    01000201010000 1.132D-13   143.000                       !
101  HOCS+    01010101010000 1.015D-13   181.000                       !
 51  Si+      00000001001000 6.887D-21   295.000                       !
109  SiH+     01000001001000 5.178D-25   271.820                       !
110  SiH2+    02000001001000 1.650D-26   276.360   *                   !
111  SiH3+    03000001001000 3.465D-31   237.320   *                   !
112  SiH4+    04000001001000 1.310D-41   279.900                       !
113  SiH5+    05000001001000 4.181D-36   219.380   *                   !
114  SiO+     00000101001000 5.717D-25   239.520                       !
115  SiOH+    01000101001000 1.557D-17   -99.999                       !
102  Fe+      00000001000010 4.126D-10   280.240     LM: Fe/nH=1.5(-8) !
103  C54H18+  18540001000000 5.023D-10   -99.999                       !
 63  G+       00600001000000 1.163D-12   -99.999                       !
104  C54H18-  18540000000100 2.039D-08   -99.999        PAH/nH = 1(-8) !
 63  G-       00600000000100 1.918D-11   -99.999    Ngrain = 8.30(-11) !
