!---- list of chemical species --- Steady state at T =   17.02 K ---------------
!---- WARNING : order = neutrals, species on mantles, ions >0, ions <0 ---------
!---- name, composition, initial density(cm-3), formation enthalpy (kCal/mol) --
!-------------------------------------------------------------------------------
  1  H        01000000000000 1.338D-06    51.634                       !
  2  H2       02000000000000 5.000D-01     0.000                       !
  3  He       00000010000000 9.998D-02     0.000                       !
  4  C        00010000000000 2.781D-11   169.980     --> C/H = 8.27e-5 !
  5  CH       01010000000000 7.573D-11   141.600         A&G : 3.55e-4 !
  6  CH2      02010000000000 6.815D-11    93.900                       !
  7  CH3      03010000000000 4.008D-11    34.800                       !
  8  CH4      04010000000000 2.787D-10   -15.970                       !
  9  O        00000100000000 5.479D-10    58.980     --> O/H = 1.24e-4 !
 10  O2       00000200000000 2.561D-11     0.000         A&G : 7.41e-4 !
 11  OH       01000100000000 1.626D-08     9.250                       !
 12  H2O      02000100000000 1.503D-08   -57.100                       !
 13  CO       00010100000000 2.940D-08   -27.200                       !
 14  CO2      00010200000000 3.039D-09   -93.965                       !
 15  C2       00020000000000 2.057D-16   198.200                       !
 16  C2H      01020000000000 5.739D-15   113.300                       !
 17  C2H2     02020000000000 4.718D-16    56.320                       !
 18  C3       00030000000000 2.277D-22   194.000                       !
 19  C3H      01030000000000 5.494D-21   177.000   ***                 !
 20  C3H2     02030000000000 9.509D-20   114.000   ***                 !
 39  CH3OH    04010100000000 4.244D-08   -99.999                       !
 42  H2CO     02010100000000 1.414D-07   -99.999                       !
 42  HCO2H    02010200000000 1.652D-07   -99.999                       !
 21  N        00001000000000 3.925D-12   112.530     --> N/H = 6.39e-5 !
 22  NH       01001000000000 2.113D-11    90.000         A&G : 9.33e-5 !
 23  NH2      02001000000000 9.643D-09    46.200                       !
 24  NH3      03001000000000 7.788D-09    -9.299                       !
 25  CN       00011000000000 1.288D-14   103.200                       !
 26  HCN      01011000000000 4.417D-13    32.390                       !
 27  HNC      01011000000000 5.104D-13    48.000                       !
 28  N2       00002000000000 3.238D-17     0.000                       !
 29  NO       00001100000000 5.395D-15    21.460                       !
 32  S        00000000010000 2.155D-09    65.600         A&G : 1.86e-5 !
 33  SH       01000000010000 7.851D-10    32.600                       !
 34  H2S      02000000010000 3.231D-09    -4.230                       !
 35  CS       00010000010000 2.188D-11    63.000                       !
 36  SO       00000100010000 3.240D-13     1.200                       !
 37  SO2      00000200010000 4.155D-14   -70.300                       !
 38  OCS      00010100010000 4.022D-11   -34.000                       !
 37  Si       00000000001000 1.007D-40   106.700         A&G : 3.55e-5 !
 38  SiH      01000000001000 1.197D-41    89.690                       !
 39  SiH2     02000000001000 1.176D-42    69.140   *                   !
 40  SiH3     03000000001000 1.374D-45    48.540   *                   !
 41  SiH4     04000000001000 2.195D-45    11.000                       !
 42  SiO      00000100001000 7.144D-41   -24.300                       !
 43  SiO2     00000200001000 2.441D-39   -73.000                       !
 44  Mg       00000000100000 9.998D-17    35.000                       !
 39  Fe       00000000000010 7.187D-29    98.700                       !
 38  C54H18   18540000000000 1.286D-07   -99.999     PAH/nH  =1(-8)    !
 63  G        00600000000000 3.387D-11   -99.999    Ngrain = 8.30(-11) !
 41  H2O*     02000100000001 1.254D-04               H2O*/nH =1.03(-4) !
 42  O2*      00000200000001 9.398D-06                                 !
 42  CO*      00010100000001 9.018D-05               CO*/nH  =8.27(-6) !
 43  CO2*     00010200000001 1.375D-05               CO2*/nH =1.34(-5) !
 39  CH4*     04010000000001 1.930D-06               CH4*/nH =1.55(-6) !
 44  NH3*     03001000000001 7.420D-05               NH3*/nH =1.55(-5) !
 44  N2*      00002000000001 2.575D-06                                 !
 39  CH3OH*   04010100000001 1.816D-06             CH3OH*/nH =1.86(-6) !
 42  H2CO*    02010100000001 6.051D-06              H2CO*/nH =6.20(-6) !
 42  HCO2H*   02010200000001 7.067D-06             HCO2H*/nH =7.24(-6) !
 42  OCS*     00010100010001 2.043D-07               OCS*/nH =2.07(-7) !
 55  H2S*     02000000010001 1.841D-05               H2S*/nH =3.72(-6) !
 62  Fe*      00000000000011 1.499D-08                                 !
 41  SiH4*    04000000001001 1.351D-16                                 !
 42  SiO*     00000100001001 1.507D-15                                 !
 43  SiO2*    00000200001001 1.578D-16                                 !
 59  O**      00000100000002 1.399D-04              Noyaux = 4*3.50(-5)!
 60  Si**     00000000001002 3.366D-05              Noyaux = 3.370(-5) !
 61  Mg**     00000000100002 3.695D-05              Noyaux = 3.700(-5) !
 62  Fe**     00000000000012 3.226D-05              Noyaux = 3.230(-5) !
 63  C**      00010000000002 1.628D-04              Noyaux = 1.630(-4) !
 48  H+       01000001000000 1.780D-09   365.200                       !
 49  H2+      02000001000000 6.319D-14   355.700                       !
 50  H3+      03000001000000 1.528D-08   265.000                       !
 51  He+      00000011000000 6.155D-11   567.000                       !
 52  C+       00010001000000 1.348D-12   429.700         A&G : 3.55e-4 !
 53  CH+      01010001000000 2.148D-18   387.000                       !
 54  CH2+     02010001000000 9.174D-18   331.000                       !
 55  CH3+     03010001000000 7.563D-13   262.000                       !
 56  CH4+     04010001000000 1.020D-16   272.000   **                  !
 57  CH5+     05010001000000 3.953D-12   216.000   *                   !
 58  O+       00000101000000 9.767D-19   373.000                       !
 59  O2+      00000201000000 1.032D-14   278.400                       !
 60  OH+      01000101000000 1.421D-16   309.310                       !
 61  H2O+     02000101000000 1.481D-15   233.700                       !
 62  H3O+     03000101000000 7.547D-11   143.000                       !
 63  CO+      00010101000000 2.611D-19   295.970                       !
 64  HCO+     01010101000000 1.059D-10   197.300                       !
 65  HCO2+    01010201000000 1.788D-11   141.000    *                  !
 66  C2+      00020001000000 7.926D-23   476.000                       !
 67  C2H+     01020001000000 1.415D-22   404.000                       !
 68  C2H2+    02020001000000 8.479D-17   317.500                       !
 69  C2H3+    03020001000000 8.358D-17   267.900                       !
 70  C3+      00030001000000 5.176D-26   479.000    *                  !
 71  C3H+     01030001000000 3.597D-24   381.000    *                  !
 72  C3H2+    02030001000000 1.094D-22   330.000   * **                !
 73  C3H3+    03030001000000 2.683D-21   282.000   * **                !
 74  N+       00001001000000 2.255D-14   447.690                       !
 75  NH+      01001001000000 1.490D-18   401.100                       !
 76  NH2+     02001001000000 3.978D-16   302.700                       !
 77  NH3+     03001001000000 3.267D-13   224.900                       !
 78  NH4+     04001001000000 5.979D-11   151.000    *                  !
 79  CN+      00011001000000 2.212D-22   429.300                       !
 80  C2N+     00021001000000 9.375D-19   410.000    *                  !
 81  HCN+     01011001000000 5.192D-20   346.000                       !
 83  H2CN+    02011001000000 3.191D-14   226.000    *                  !
 84  H2NC+    02011001000000 1.513D-15   265.000    *                  !
 85  N2+      00002001000000 1.638D-27   359.298                       !
 86  N2H+     01002001000000 5.796D-20   247.500                       !
 87  NO+      00001101000000 2.532D-17   235.330                       !
 88  HNO+     01001101000000 1.933D-17   256.800                       !
 92  S+       00000001010000 7.446D-12   304.000     --> S/H = 1.47e-5 !
 93  SH+      01000001010000 2.450D-11   271.800         A&G : 1.86e-5 !
 94  H2S+     02000001010000 1.424D-11   237.000                       !
 95  H3S+     03000001010000 2.737D-11   190.000 *                     !
 96  CS+      00010001010000 8.124D-19   324.000                       !
 97  HCS+     01010001010000 1.016D-13   243.000                       !
 98  SO+      00000101010000 2.642D-14   239.200                       !
 99  HSO+     01000101010000 3.048D-15   210.000                       !
100  HSO2+    01000201010000 2.667D-16   143.000                       !
101  HOCS+    01010101010000 1.894D-13   181.000                       !
 51  Si+      00000001001000 2.022D-42   295.000                       !
109  SiH+     01000001001000 6.216D-43   271.820                       !
110  SiH2+    02000001001000 3.243D-43   276.360   *                   !
111  SiH3+    03000001001000 3.611D-44   237.320   *                   !
112  SiH4+    04000001001000 9.569D-53   279.900                       !
113  SiH5+    05000001001000 4.109D-47   219.380   *                   !
114  SiO+     00000101001000 3.337D-48   239.520                       !
115  SiOH+    01000101001000 6.003D-43   -99.999                       !
102  Fe+      00000001000010 9.670D-30   280.240     LM: Fe/nH=1.5(-8) !
103  C54H18+  18540001000000 1.273D-10   -99.999                       !
 63  G+       00600001000000 2.604D-13   -99.999                       !
104  C54H18-  18540000000100 1.389D-08   -99.999        PAH/nH = 1(-8) !
 63  G-       00600000000100 1.219D-11   -99.999    Ngrain = 8.30(-11) !
