!---- list of chemical species --- Steady state at T =   24.30 K ---------------
!---- WARNING : order = neutrals, species on mantles, ions >0, ions <0 ---------
!---- name, composition, initial density(cm-3), formation enthalpy (kCal/mol) --
!-------------------------------------------------------------------------------
  1  H        01000000000000 7.519D-06    51.634                       !
  2  H2       02000000000000 5.000D-01     0.000                       !
  3  He       00000010000000 9.998D-02     0.000                       !
  4  C        00010000000000 5.771D-10   169.980     --> C/H = 8.27e-5 !
  5  CH       01010000000000 1.369D-09   141.600         A&G : 3.55e-4 !
  6  CH2      02010000000000 1.142D-09    93.900                       !
  7  CH3      03010000000000 2.889D-10    34.800                       !
  8  CH4      04010000000000 1.265D-09   -15.970                       !
  9  O        00000100000000 6.587D-09    58.980     --> O/H = 1.24e-4 !
 10  O2       00000200000000 1.789D-09     0.000         A&G : 7.41e-4 !
 11  OH       01000100000000 1.186D-07     9.250                       !
 12  H2O      02000100000000 5.479D-08   -57.100                       !
 13  CO       00010100000000 1.708D-07   -27.200                       !
 14  CO2      00010200000000 9.732D-09   -93.965                       !
 15  C2       00020000000000 1.768D-13   198.200                       !
 16  C2H      01020000000000 5.065D-13   113.300                       !
 17  C2H2     02020000000000 2.188D-14    56.320                       !
 18  C3       00030000000000 6.247D-17   194.000                       !
 19  C3H      01030000000000 1.341D-17   177.000   ***                 !
 20  C3H2     02030000000000 9.206D-17   114.000   ***                 !
 39  CH3OH    04010100000000 3.899D-08   -99.999                       !
 42  H2CO     02010100000000 1.299D-07   -99.999                       !
 42  HCO2H    02010200000000 1.517D-07   -99.999                       !
 21  N        00001000000000 2.168D-10   112.530     --> N/H = 6.39e-5 !
 22  NH       01001000000000 3.531D-10    90.000         A&G : 9.33e-5 !
 23  NH2      02001000000000 6.642D-08    46.200                       !
 24  NH3      03001000000000 3.120D-08    -9.299                       !
 25  CN       00011000000000 5.503D-12   103.200                       !
 26  HCN      01011000000000 5.605D-11    32.390                       !
 27  HNC      01011000000000 6.513D-11    48.000                       !
 28  N2       00002000000000 9.028D-11     0.000                       !
 29  NO       00001100000000 1.088D-11    21.460                       !
 32  S        00000000010000 2.462D-08    65.600         A&G : 1.86e-5 !
 33  SH       01000000010000 1.983D-09    32.600                       !
 34  H2S      02000000010000 8.898D-09    -4.230                       !
 35  CS       00010000010000 1.134D-10    63.000                       !
 36  SO       00000100010000 8.834D-11     1.200                       !
 37  SO2      00000200010000 4.397D-11   -70.300                       !
 38  OCS      00010100010000 1.110D-10   -34.000                       !
 37  Si       00000000001000 1.350D-19   106.700         A&G : 3.55e-5 !
 38  SiH      01000000001000 9.249D-21    89.690                       !
 39  SiH2     02000000001000 1.519D-22    69.140   *                   !
 40  SiH3     03000000001000 3.242D-26    48.540   *                   !
 41  SiH4     04000000001000 7.478D-26    11.000                       !
 42  SiO      00000100001000 1.123D-19   -24.300                       !
 43  SiO2     00000200001000 7.250D-20   -73.000                       !
 44  Mg       00000000100000 9.998D-17    35.000                       !
 39  Fe       00000000000010 2.322D-11    98.700                       !
 38  C54H18   18540000000000 1.144D-07   -99.999     PAH/nH  =1(-8)    !
 63  G        00600000000000 2.863D-11   -99.999    Ngrain = 8.30(-11) !
 41  H2O*     02000100000001 1.246D-04               H2O*/nH =1.03(-4) !
 42  O2*      00000200000001 1.025D-05                                 !
 42  CO*      00010100000001 9.003D-05               CO*/nH  =8.27(-6) !
 43  CO2*     00010200000001 1.326D-05               CO2*/nH =1.34(-5) !
 39  CH4*     04010000000001 2.449D-06               CH4*/nH =1.55(-6) !
 44  NH3*     03001000000001 7.499D-05               NH3*/nH =1.55(-5) !
 44  N2*      00002000000001 2.158D-06                                 !
 39  CH3OH*   04010100000001 1.820D-06             CH3OH*/nH =1.86(-6) !
 42  H2CO*    02010100000001 6.065D-06              H2CO*/nH =6.20(-6) !
 42  HCO2H*   02010200000001 7.083D-06             HCO2H*/nH =7.24(-6) !
 42  OCS*     00010100010001 2.036D-07               OCS*/nH =2.07(-7) !
 55  H2S*     02000000010001 1.839D-05               H2S*/nH =3.72(-6) !
 62  Fe*      00000000000011 1.497D-08                                 !
 41  SiH4*    04000000001001 1.713D-16                                 !
 42  SiO*     00000100001001 1.464D-15                                 !
 43  SiO2*    00000200001001 1.644D-16                                 !
 59  O**      00000100000002 1.399D-04              Noyaux = 4*3.50(-5)!
 60  Si**     00000000001002 3.367D-05              Noyaux = 3.370(-5) !
 61  Mg**     00000000100002 3.697D-05              Noyaux = 3.700(-5) !
 62  Fe**     00000000000012 3.227D-05              Noyaux = 3.230(-5) !
 63  C**      00010000000002 1.629D-04              Noyaux = 1.630(-4) !
 48  H+       01000001000000 6.514D-09   365.200                       !
 49  H2+      02000001000000 4.075D-13   355.700                       !
 50  H3+      03000001000000 3.940D-08   265.000                       !
 51  He+      00000011000000 4.225D-10   567.000                       !
 52  C+       00010001000000 2.997D-11   429.700         A&G : 3.55e-4 !
 53  CH+      01010001000000 1.229D-16   387.000                       !
 54  CH2+     02010001000000 4.503D-16   331.000                       !
 55  CH3+     03010001000000 9.616D-12   262.000                       !
 56  CH4+     04010001000000 1.818D-15   272.000   **                  !
 57  CH5+     05010001000000 1.072D-11   216.000   *                   !
 58  O+       00000101000000 4.855D-17   373.000                       !
 59  O2+      00000201000000 6.469D-13   278.400                       !
 60  OH+      01000101000000 3.847D-15   309.310                       !
 61  H2O+     02000101000000 2.639D-14   233.700                       !
 62  H3O+     03000101000000 2.230D-10   143.000                       !
 63  CO+      00010101000000 9.900D-18   295.970                       !
 64  HCO+     01010101000000 4.129D-10   197.300                       !
 65  HCO2+    01010201000000 3.473D-11   141.000    *                  !
 66  C2+      00020001000000 3.461D-20   476.000                       !
 67  C2H+     01020001000000 5.560D-20   404.000                       !
 68  C2H2+    02020001000000 4.568D-15   317.500                       !
 69  C2H3+    03020001000000 1.947D-15   267.900                       !
 70  C3+      00030001000000 1.027D-22   479.000    *                  !
 71  C3H+     01030001000000 9.751D-21   381.000    *                  !
 72  C3H2+    02030001000000 1.104D-19   330.000   * **                !
 73  C3H3+    03030001000000 1.236D-18   282.000   * **                !
 74  N+       00001001000000 5.523D-14   447.690                       !
 75  NH+      01001001000000 6.990D-17   401.100                       !
 76  NH2+     02001001000000 1.050D-14   302.700                       !
 77  NH3+     03001001000000 5.942D-12   224.900                       !
 78  NH4+     04001001000000 1.730D-10   151.000    *                  !
 79  CN+      00011001000000 1.710D-19   429.300                       !
 80  C2N+     00021001000000 5.988D-16   410.000    *                  !
 81  HCN+     01011001000000 1.368D-17   346.000                       !
 83  H2CN+    02011001000000 2.223D-12   226.000    *                  !
 84  H2NC+    02011001000000 3.039D-14   265.000    *                  !
 85  N2+      00002001000000 2.845D-20   359.298                       !
 86  N2H+     01002001000000 1.122D-13   247.500                       !
 87  NO+      00001101000000 6.966D-15   235.330                       !
 88  HNO+     01001101000000 2.269D-14   256.800                       !
 92  S+       00000001010000 1.205D-10   304.000     --> S/H = 1.47e-5 !
 93  SH+      01000001010000 1.713D-10   271.800         A&G : 1.86e-5 !
 94  H2S+     02000001010000 2.877D-11   237.000                       !
 95  H3S+     03000001010000 4.749D-11   190.000 *                     !
 96  CS+      00010001010000 1.636D-17   324.000                       !
 97  HCS+     01010001010000 3.585D-13   243.000                       !
 98  SO+      00000101010000 8.017D-13   239.200                       !
 99  HSO+     01000101010000 4.844D-13   210.000                       !
100  HSO2+    01000201010000 1.643D-13   143.000                       !
101  HOCS+    01010101010000 3.049D-13   181.000                       !
 51  Si+      00000001001000 5.065D-21   295.000                       !
109  SiH+     01000001001000 4.581D-22   271.820                       !
110  SiH2+    02000001001000 2.266D-22   276.360   *                   !
111  SiH3+    03000001001000 3.758D-24   237.320   *                   !
112  SiH4+    04000001001000 6.570D-33   279.900                       !
113  SiH5+    05000001001000 7.663D-28   219.380   *                   !
114  SiO+     00000101001000 1.762D-26   239.520                       !
115  SiOH+    01000101001000 5.865D-22   -99.999                       !
102  Fe+      00000001000010 5.337D-12   280.240     LM: Fe/nH=1.5(-8) !
103  C54H18+  18540001000000 7.611D-11   -99.999                       !
 63  G+       00600001000000 2.667D-13   -99.999                       !
104  C54H18-  18540000000100 2.816D-08   -99.999        PAH/nH = 1(-8) !
 63  G-       00600000000100 1.744D-11   -99.999    Ngrain = 8.30(-11) !
