!---- list of chemical species --- Steady state at T =   15.67 K ---------------
!---- WARNING : order = neutrals, species on mantles, ions >0, ions <0 ---------
!---- name, composition, initial density(cm-3), formation enthalpy (kCal/mol) --
!-------------------------------------------------------------------------------
  1  H        01000000000000 4.551D-07    51.634                       !
  2  H2       02000000000000 5.000D-01     0.000                       !
  3  He       00000010000000 1.000D-01     0.000                       !
  4  C        00010000000000 3.661D-12   169.980     --> C/H = 8.27e-5 !
  5  CH       01010000000000 1.726D-11   141.600         A&G : 3.55e-4 !
  6  CH2      02010000000000 1.623D-11    93.900                       !
  7  CH3      03010000000000 1.318D-11    34.800                       !
  8  CH4      04010000000000 1.351D-10   -15.970                       !
  9  O        00000100000000 1.124D-10    58.980     --> O/H = 1.24e-4 !
 10  O2       00000200000000 1.654D-12     0.000         A&G : 7.41e-4 !
 11  OH       01000100000000 4.327D-09     9.250                       !
 12  H2O      02000100000000 6.842D-09   -57.100                       !
 13  CO       00010100000000 9.860D-09   -27.200                       !
 14  CO2      00010200000000 1.209D-09   -93.965                       !
 15  C2       00020000000000 5.651D-18   198.200                       !
 16  C2H      01020000000000 4.887D-16   113.300                       !
 17  C2H2     02020000000000 5.137D-17    56.320                       !
 18  C3       00030000000000 8.126D-25   194.000                       !
 19  C3H      01030000000000 5.687D-23   177.000   ***                 !
 20  C3H2     02030000000000 1.737D-21   114.000   ***                 !
 39  CH3OH    04010100000000 1.860D-06   -99.999                       !
 42  H2CO     02010100000000 6.198D-06   -99.999                       !
 42  HCO2H    02010200000000 7.238D-06   -99.999                       !
 21  N        00001000000000 3.731D-13   112.530     --> N/H = 6.39e-5 !
 22  NH       01001000000000 3.453D-12    90.000         A&G : 9.33e-5 !
 23  NH2      02001000000000 2.622D-09    46.200                       !
 24  NH3      03001000000000 3.349D-09    -9.299                       !
 25  CN       00011000000000 3.264D-16   103.200                       !
 26  HCN      01011000000000 2.508D-14    32.390                       !
 27  HNC      01011000000000 2.964D-14    48.000                       !
 28  N2       00002000000000 5.180D-19     0.000                       !
 29  NO       00001100000000 1.205D-16    21.460                       !
 32  S        00000000010000 3.691D-10    65.600         A&G : 1.86e-5 !
 33  SH       01000000010000 2.910D-10    32.600                       !
 34  H2S      02000000010000 1.460D-09    -4.230                       !
 35  CS       00010000010000 1.431D-12    63.000                       !
 36  SO       00000100010000 1.164D-14     1.200                       !
 37  SO2      00000200010000 5.455D-16   -70.300                       !
 38  OCS      00010100010000 4.130D-12   -34.000                       !
 37  Si       00000000001000 1.424D-74   106.700         A&G : 3.55e-5 !
 38  SiH      01000000001000 2.352D-75    89.690                       !
 39  SiH2     02000000001000 5.408D-76    69.140   *                   !
 40  SiH3     03000000001000 1.848D-78    48.540   *                   !
 41  SiH4     04000000001000 2.512D-78    11.000                       !
 42  SiO      00000100001000 1.386D-74   -24.300                       !
 43  SiO2     00000200001000 1.180D-72   -73.000                       !
 44  Mg       00000000100000 1.908D-07    35.000                       !
 39  Fe       00000000000010 2.518D-67    98.700                       !
 38  C54H18   18540000000000 1.340D-07   -99.999     PAH/nH  =1(-8)    !
 63  G        00600000000000 3.718D-11   -99.999    Ngrain = 8.30(-11) !
 41  H2O*     02000100000001 1.327D-04               H2O*/nH =1.03(-4) !
 42  O2*      00000200000001 6.391D-06                                 !
 42  CO*      00010100000001 9.090D-05               CO*/nH  =8.27(-6) !
 43  CO2*     00010200000001 1.307D-05               CO2*/nH =1.34(-5) !
 39  CH4*     04010000000001 2.311D-06               CH4*/nH =1.55(-6) !
 44  NH3*     03001000000001 7.454D-05               NH3*/nH =1.55(-5) !
 44  N2*      00002000000001 2.426D-06                                 !
 39  CH3OH*   04010100000001 1.565-225             CH3OH*/nH =1.86(-6) !
 42  H2CO*    02010100000001 5.217-225              H2CO*/nH =6.20(-6) !
 42  HCO2H*   02010200000001 6.092-225             HCO2H*/nH =7.24(-6) !
 42  OCS*     00010100010001 4.598D-08               OCS*/nH =2.07(-7) !
 55  H2S*     02000000010001 1.858D-05               H2S*/nH =3.72(-6) !
 62  Fe*      00000000000011 2.420D-07                                 !
 41  SiH4*    04000000001001 1.857D-09                                 !
 42  SiO*     00000100001001 2.033D-07                                 !
 43  SiO2*    00000200001001 7.423D-09                                 !
 59  O**      00000100000002 1.394D-04              Noyaux = 4*3.50(-5)!
 60  Si**     00000000001002 3.347D-05              Noyaux = 3.370(-5) !
 61  Mg**     00000000100002 3.679D-05              Noyaux = 3.700(-5) !
 62  Fe**     00000000000012 3.206D-05              Noyaux = 3.230(-5) !
 63  C**      00010000000002 1.628D-04              Noyaux = 1.630(-4) !
 48  H+       01000001000000 8.527D-10   365.200                       !
 49  H2+      02000001000000 2.015D-14   355.700                       !
 50  H3+      03000001000000 8.415D-09   265.000                       !
 51  He+      00000011000000 1.942D-11   567.000                       !
 52  C+       00010001000000 2.067D-13   429.700         A&G : 3.55e-4 !
 53  CH+      01010001000000 1.838D-19   387.000                       !
 54  CH2+     02010001000000 1.026D-18   331.000                       !
 55  CH3+     03010001000000 1.843D-13   262.000                       !
 56  CH4+     04010001000000 2.040D-17   272.000   **                  !
 57  CH5+     05010001000000 2.944D-12   216.000   *                   !
 58  O+       00000101000000 8.414D-20   373.000                       !
 59  O2+      00000201000000 9.150D-16   278.400                       !
 60  OH+      01000101000000 1.800D-17   309.310                       !
 61  H2O+     02000101000000 2.515D-16   233.700                       !
 62  H3O+     03000101000000 4.604D-11   143.000                       !
 63  CO+      00010101000000 2.968D-20   295.970                       !
 64  HCO+     01010101000000 5.016D-11   197.300                       !
 65  HCO2+    01010201000000 1.139D-11   141.000    *                  !
 66  C2+      00020001000000 2.861D-24   476.000                       !
 67  C2H+     01020001000000 5.248D-24   404.000                       !
 68  C2H2+    02020001000000 1.301D-17   317.500                       !
 69  C2H3+    03020001000000 1.794D-17   267.900                       !
 70  C3+      00030001000000 6.745D-28   479.000    *                  !
 71  C3H+     01030001000000 4.442D-26   381.000    *                  !
 72  C3H2+    02030001000000 2.478D-24   330.000   * **                !
 73  C3H3+    03030001000000 9.915D-23   282.000   * **                !
 74  N+       00001001000000 4.522D-15   447.690                       !
 75  NH+      01001001000000 1.326D-19   401.100                       !
 76  NH2+     02001001000000 5.089D-17   302.700                       !
 77  NH3+     03001001000000 5.140D-14   224.900                       !
 78  NH4+     04001001000000 3.602D-11   151.000    *                  !
 79  CN+      00011001000000 4.319D-24   429.300                       !
 80  C2N+     00021001000000 2.417D-20   410.000    *                  !
 81  HCN+     01011001000000 2.001D-21   346.000                       !
 83  H2CN+    02011001000000 3.201D-15   226.000    *                  !
 84  H2NC+    02011001000000 2.921D-16   265.000    *                  !
 85  N2+      00002001000000 8.421D-30   359.298                       !
 86  N2H+     01002001000000 1.434D-21   247.500                       !
 87  NO+      00001101000000 4.337D-18   235.330                       !
 88  HNO+     01001101000000 6.950D-19   256.800                       !
 92  S+       00000001010000 1.312D-12   304.000     --> S/H = 1.47e-5 !
 93  SH+      01000001010000 5.760D-12   271.800         A&G : 1.86e-5 !
 94  H2S+     02000001010000 8.784D-12   237.000                       !
 95  H3S+     03000001010000 1.770D-11   190.000 *                     !
 96  CS+      00010001010000 2.559D-20   324.000                       !
 97  HCS+     01010001010000 9.900D-15   243.000                       !
 98  SO+      00000101010000 3.760D-15   239.200                       !
 99  HSO+     01000101010000 1.765D-16   210.000                       !
100  HSO2+    01000201010000 5.648D-18   143.000                       !
101  HOCS+    01010101010000 3.135D-14   181.000                       !
 51  Si+      00000001001000 2.240D-76   295.000                       !
109  SiH+     01000001001000 1.318D-76   271.820                       !
110  SiH2+    02000001001000 7.969D-77   276.360   *                   !
111  SiH3+    03000001001000 2.494D-77   237.320   *                   !
112  SiH4+    04000001001000 6.864D-86   279.900                       !
113  SiH5+    05000001001000 8.317D-80   219.380   *                   !
114  SiO+     00000101001000 3.282D-82   239.520                       !
115  SiOH+    01000101001000 1.851D-76   -99.999                       !
102  Fe+      00000001000010 2.706D-68   280.240     LM: Fe/nH=1.5(-8) !
103  C54H18+  18540001000000 2.038D-10   -99.999                       !
 63  G+       00600001000000 3.205D-13   -99.999                       !
104  C54H18-  18540000000100 8.455D-09   -99.999        PAH/nH = 1(-8) !
 63  G-       00600000000100 8.802D-12   -99.999    Ngrain = 8.30(-11) !
