step=     1 Tn= 1.00E+01 *** IER =-10 in VIBRATIONAL_CO-> Tn too small
step=   570 Tn= 1.10E+01 *** IER =-11 in VIBRATIONAL_H2O-> COL too large and Tn too small
step=   571 Tn= 1.09E+01 *** IER =  1 in ROTATIONAL_CO-> COL too large
step=   571 Tn= 1.09E+01 *** IER =-10 in VIBRATIONAL_CO-> Tn too small
step=   571 Tn= 1.09E+01 *** IER =-11 in VIBRATIONAL_H2O-> COL too large and Tn too small
step=   571 Tn= 1.09E+01 *** IER =  1 in ROTATIONAL_CO-> COL too large
step=   571 Tn= 1.09E+01 *** IER =-10 in VIBRATIONAL_CO-> Tn too small
step=   571 Tn= 1.09E+01 *** IER =-11 in VIBRATIONAL_CO-> COL too large and Tn too small
step=   571 Tn= 1.09E+01 *** IER =  1 in ROTATIONAL_CO-> COL too large
step=   571 Tn= 1.09E+01 *** IER =-10 in VIBRATIONAL_CO-> Tn too small
step=   571 Tn= 1.09E+01 *** IER =-11 in VIBRATIONAL_CO-> COL too large and Tn too small
step=   571 Tn= 1.09E+01 *** IER =  1 in ROTATIONAL_CO-> COL too large
step=   571 Tn= 1.09E+01 *** IER =-10 in VIBRATIONAL_CO-> Tn too small
step=   571 Tn= 1.09E+01 *** IER =-11 in VIBRATIONAL_CO-> COL too large and Tn too small
step=   571 Tn= 1.09E+01 *** IER =  1 in ROTATIONAL_CO-> COL too large
step=   571 Tn= 1.09E+01 *** IER =-10 in VIBRATIONAL_CO-> Tn too small
step=   571 Tn= 1.09E+01 *** IER =-11 in VIBRATIONAL_CO-> COL too large and Tn too small
step=   571 Tn= 1.09E+01 *** IER =  1 in ROTATIONAL_CO-> COL too large
step=   571 Tn= 1.09E+01 *** IER =-10 in VIBRATIONAL_CO-> Tn too small
step=   571 Tn= 1.09E+01 *** IER =-11 in VIBRATIONAL_CO-> COL too large and Tn too small
step=   571 Tn= 1.09E+01 *** IER =  1 in ROTATIONAL_CO-> COL too large
step=   571 Tn= 1.09E+01 *** IER =-10 in VIBRATIONAL_CO-> Tn too small
step=   571 Tn= 1.09E+01 *** IER =-11 in VIBRATIONAL_CO-> COL too large and Tn too small
step=   571 Tn= 1.09E+01 *** IER =  1 in ROTATIONAL_CO-> COL too large
step=   571 Tn= 1.09E+01 *** IER =-10 in VIBRATIONAL_H2O-> Tn too small
step=   571 Tn= 1.09E+01 *** IER =-11 in VIBRATIONAL_CO-> COL too large and Tn too small
step=   571 Tn= 1.09E+01 *** IER =  1 in ROTATIONAL_CO-> COL too large
step=   571 Tn= 1.09E+01 *** IER =-10 in VIBRATIONAL_H2O-> Tn too small
step=   571 Tn= 1.09E+01 *** IER =-11 in VIBRATIONAL_CO-> COL too large and Tn too small
step=   571 Tn= 1.09E+01 *** IER =  1 in ROTATIONAL_CO-> COL too large
step=   571 Tn= 1.09E+01 *** IER =-10 in VIBRATIONAL_H2O-> Tn too small
step=   571 Tn= 1.09E+01 *** IER =-11 in VIBRATIONAL_CO-> COL too large and Tn too small
step=   571 Tn= 1.09E+01 *** IER =  1 in ROTATIONAL_CO-> COL too large
step=   571 Tn= 1.09E+01 *** IER =-10 in VIBRATIONAL_H2O-> Tn too small
step=   571 Tn= 1.09E+01 *** IER =-11 in VIBRATIONAL_CO-> COL too large and Tn too small
step=   571 Tn= 1.09E+01 *** IER =  1 in ROTATIONAL_CO-> COL too large
step=   571 Tn= 1.09E+01 *** IER =-10 in VIBRATIONAL_H2O-> Tn too small
step=   571 Tn= 1.09E+01 *** IER =-11 in VIBRATIONAL_CO-> COL too large and Tn too small
step=   571 Tn= 1.09E+01 *** IER =  1 in ROTATIONAL_CO-> COL too large
step=   571 Tn= 1.09E+01 *** IER =-10 in VIBRATIONAL_H2O-> Tn too small
step=   571 Tn= 1.09E+01 *** IER =-11 in VIBRATIONAL_CO-> COL too large and Tn too small
step=   571 Tn= 1.09E+01 *** IER =  1 in ROTATIONAL_CO-> COL too large
step=   571 Tn= 1.09E+01 *** IER =-10 in VIBRATIONAL_H2O-> Tn too small
step=   571 Tn= 1.09E+01 *** IER =-11 in VIBRATIONAL_CO-> COL too large and Tn too small
step=   571 Tn= 1.09E+01 *** IER =  1 in ROTATIONAL_CO-> COL too large
step=   571 Tn= 1.09E+01 *** IER =-10 in VIBRATIONAL_H2O-> Tn too small
step=   571 Tn= 1.09E+01 *** IER =-11 in VIBRATIONAL_CO-> COL too large and Tn too small
step=   571 Tn= 1.09E+01 *** IER =  1 in ROTATIONAL_CO-> COL too large
step=   571 Tn= 1.09E+01 *** IER =-10 in VIBRATIONAL_H2O-> Tn too small
step=   571 Tn= 1.09E+01 *** IER =-11 in VIBRATIONAL_CO-> COL too large and Tn too small
step=   571 Tn= 1.09E+01 *** IER =  1 in ROTATIONAL_CO-> COL too large
step=   571 Tn= 1.09E+01 *** IER =-10 in VIBRATIONAL_H2O-> Tn too small
step=   571 Tn= 1.09E+01 *** IER =-11 in VIBRATIONAL_CO-> COL too large and Tn too small
step=   571 Tn= 1.09E+01 *** IER =  1 in ROTATIONAL_CO-> COL too large
step=   571 Tn= 1.09E+01 *** IER =-10 in VIBRATIONAL_H2O-> Tn too small
step=   571 Tn= 1.09E+01 *** IER =-11 in VIBRATIONAL_CO-> COL too large and Tn too small
step=   571 Tn= 1.09E+01 *** IER =  1 in ROTATIONAL_CO-> COL too large
step=   571 Tn= 1.09E+01 *** IER =-10 in VIBRATIONAL_H2O-> Tn too small
step=   571 Tn= 1.09E+01 *** IER =-11 in VIBRATIONAL_CO-> COL too large and Tn too small
step=   571 Tn= 1.09E+01 *** IER =  1 in ROTATIONAL_CO-> COL too large
step=   571 Tn= 1.09E+01 *** IER =-10 in VIBRATIONAL_H2O-> Tn too small
step=   571 Tn= 1.09E+01 *** IER =-11 in VIBRATIONAL_CO-> COL too large and Tn too small
step=   571 Tn= 1.09E+01 *** IER =  1 in ROTATIONAL_CO-> COL too large
step=   571 Tn= 1.09E+01 *** IER =-10 in VIBRATIONAL_H2O-> Tn too small
step=   571 Tn= 1.09E+01 *** IER =-11 in VIBRATIONAL_CO-> COL too large and Tn too small
step=   571 Tn= 1.09E+01 *** IER =  1 in ROTATIONAL_CO-> COL too large
step=   571 Tn= 1.09E+01 *** IER =-10 in VIBRATIONAL_H2O-> Tn too small
step=   571 Tn= 1.09E+01 *** IER =-11 in VIBRATIONAL_CO-> COL too large and Tn too small
step=   571 Tn= 1.09E+01 *** IER =  1 in ROTATIONAL_CO-> COL too large
step=   571 Tn= 1.09E+01 *** IER =-10 in VIBRATIONAL_H2O-> Tn too small
step=   571 Tn= 1.09E+01 *** IER =-11 in VIBRATIONAL_CO-> COL too large and Tn too small
step=   571 Tn= 1.09E+01 *** IER =  1 in ROTATIONAL_CO-> COL too large
step=   571 Tn= 1.09E+01 *** IER =-10 in VIBRATIONAL_H2O-> Tn too small
step=   571 Tn= 1.09E+01 *** IER =-11 in VIBRATIONAL_CO-> COL too large and Tn too small
step=   571 Tn= 1.09E+01 *** IER =  1 in ROTATIONAL_CO-> COL too large
step=   571 Tn= 1.09E+01 *** IER =-10 in VIBRATIONAL_H2O-> Tn too small
step=   571 Tn= 1.09E+01 *** IER =-11 in VIBRATIONAL_CO-> COL too large and Tn too small
step=   571 Tn= 1.09E+01 *** IER =  1 in ROTATIONAL_CO-> COL too large
step=   571 Tn= 1.09E+01 *** IER =-10 in VIBRATIONAL_H2O-> Tn too small
step=   571 Tn= 1.09E+01 *** IER =-11 in VIBRATIONAL_CO-> COL too large and Tn too small
step=   571 Tn= 1.09E+01 *** IER =  1 in ROTATIONAL_CO-> COL too large
step=   571 Tn= 1.09E+01 *** IER =-10 in VIBRATIONAL_H2O-> Tn too small
step=   571 Tn= 1.09E+01 *** IER =-11 in VIBRATIONAL_CO-> COL too large and Tn too small
step=   571 Tn= 1.09E+01 *** IER =  1 in ROTATIONAL_CO-> COL too large
step=   571 Tn= 1.09E+01 *** IER =-10 in VIBRATIONAL_H2O-> Tn too small
step=   571 Tn= 1.09E+01 *** IER =-11 in VIBRATIONAL_CO-> COL too large and Tn too small
step=   571 Tn= 1.09E+01 *** IER =  1 in ROTATIONAL_CO-> COL too large
step=   571 Tn= 1.09E+01 *** IER =-10 in VIBRATIONAL_H2O-> Tn too small
step=   571 Tn= 1.09E+01 *** IER =-11 in VIBRATIONAL_CO-> COL too large and Tn too small
step=   571 Tn= 1.09E+01 *** IER =  1 in ROTATIONAL_CO-> COL too large
step=   571 Tn= 1.09E+01 *** IER =-10 in VIBRATIONAL_H2O-> Tn too small
step=   571 Tn= 1.09E+01 *** IER =-11 in VIBRATIONAL_CO-> COL too large and Tn too small
step=   571 Tn= 1.09E+01 *** IER =  1 in ROTATIONAL_CO-> COL too large
step=   571 Tn= 1.09E+01 *** IER =-10 in VIBRATIONAL_H2O-> Tn too small
step=   571 Tn= 1.09E+01 *** IER =-11 in VIBRATIONAL_CO-> COL too large and Tn too small
step=   571 Tn= 1.09E+01 *** IER =  1 in ROTATIONAL_CO-> COL too large
step=   571 Tn= 1.09E+01 *** IER =-10 in VIBRATIONAL_H2O-> Tn too small
step=   571 Tn= 1.09E+01 *** IER =-11 in VIBRATIONAL_CO-> COL too large and Tn too small
step=   571 Tn= 1.09E+01 *** IER =  1 in ROTATIONAL_CO-> COL too large
step=   571 Tn= 1.09E+01 *** IER =-10 in VIBRATIONAL_H2O-> Tn too small
step=   571 Tn= 1.09E+01 *** IER =-11 in VIBRATIONAL_CO-> COL too large and Tn too small
step=   571 Tn= 1.09E+01 *** IER =  1 in ROTATIONAL_CO-> COL too large
step=   571 Tn= 1.09E+01 *** IER =-10 in VIBRATIONAL_H2O-> Tn too small
step=   572 Tn= 1.09E+01 *** IER =-11 in VIBRATIONAL_CO-> COL too large and Tn too small
step=   572 Tn= 1.09E+01 *** IER =  1 in ROTATIONAL_CO-> COL too large
step=   574 Tn= 1.08E+01 *** IER =-10 in VIBRATIONAL_H2O-> Tn too small
step=   574 Tn= 1.08E+01 *** IER =-11 in VIBRATIONAL_CO-> COL too large and Tn too small
step=   574 Tn= 1.08E+01 *** IER =  1 in ROTATIONAL_CO-> COL too large
step=   574 Tn= 1.08E+01 *** IER =-10 in VIBRATIONAL_H2O-> Tn too small
step=   574 Tn= 1.08E+01 *** IER =-11 in VIBRATIONAL_CO-> COL too large and Tn too small
step=   574 Tn= 1.08E+01 *** IER =  1 in ROTATIONAL_CO-> COL too large
step=   574 Tn= 1.08E+01 *** IER =-10 in VIBRATIONAL_H2O-> Tn too small
step=   574 Tn= 1.08E+01 *** IER =-11 in VIBRATIONAL_CO-> COL too large and Tn too small
step=   574 Tn= 1.08E+01 *** IER =  1 in ROTATIONAL_CO-> COL too large
step=   574 Tn= 1.08E+01 *** IER =-10 in VIBRATIONAL_H2O-> Tn too small
step=   574 Tn= 1.08E+01 *** IER =-11 in VIBRATIONAL_CO-> COL too large and Tn too small
step=   574 Tn= 1.08E+01 *** IER =  1 in ROTATIONAL_CO-> COL too large
step=   574 Tn= 1.08E+01 *** IER =-10 in VIBRATIONAL_H2O-> Tn too small
step=   574 Tn= 1.08E+01 *** IER =-11 in VIBRATIONAL_CO-> COL too large and Tn too small
step=   574 Tn= 1.08E+01 *** IER =  1 in ROTATIONAL_CO-> COL too large
step=   574 Tn= 1.08E+01 *** IER =-10 in VIBRATIONAL_H2O-> Tn too small
step=   574 Tn= 1.08E+01 *** IER =-11 in VIBRATIONAL_CO-> COL too large and Tn too small
step=   574 Tn= 1.08E+01 *** IER =  1 in ROTATIONAL_CO-> COL too large
step=   574 Tn= 1.08E+01 *** IER =-10 in VIBRATIONAL_H2O-> Tn too small
step=   574 Tn= 1.08E+01 *** IER =-11 in VIBRATIONAL_CO-> COL too large and Tn too small
step=   574 Tn= 1.08E+01 *** IER =  1 in ROTATIONAL_CO-> COL too large
step=   574 Tn= 1.08E+01 *** IER =-10 in VIBRATIONAL_H2O-> Tn too small
step=   574 Tn= 1.08E+01 *** IER =-11 in VIBRATIONAL_CO-> COL too large and Tn too small
step=   574 Tn= 1.08E+01 *** IER =  1 in ROTATIONAL_CO-> COL too large
step=   574 Tn= 1.08E+01 *** IER =-10 in VIBRATIONAL_H2O-> Tn too small
step=   574 Tn= 1.08E+01 *** IER =-11 in VIBRATIONAL_CO-> COL too large and Tn too small
step=   574 Tn= 1.08E+01 *** IER =  1 in ROTATIONAL_CO-> COL too large
step=   574 Tn= 1.08E+01 *** IER =-10 in VIBRATIONAL_H2O-> Tn too small
step=   574 Tn= 1.08E+01 *** IER =-11 in VIBRATIONAL_CO-> COL too large and Tn too small
step=   575 Tn= 1.08E+01 *** IER =  1 in ROTATIONAL_CO-> COL too large
step=   575 Tn= 1.08E+01 *** IER =-10 in VIBRATIONAL_H2O-> Tn too small
step=   575 Tn= 1.08E+01 *** IER =-11 in VIBRATIONAL_CO-> COL too large and Tn too small
step=   575 Tn= 1.08E+01 *** IER =  1 in ROTATIONAL_CO-> COL too large
step=   575 Tn= 1.08E+01 *** IER =-10 in VIBRATIONAL_H2O-> Tn too small
step=   575 Tn= 1.08E+01 *** IER =-11 in VIBRATIONAL_CO-> COL too large and Tn too small
step=   575 Tn= 1.08E+01 *** IER =  1 in ROTATIONAL_CO-> COL too large
step=   575 Tn= 1.08E+01 *** IER =-10 in VIBRATIONAL_H2O-> Tn too small
step=   575 Tn= 1.08E+01 *** IER =-11 in VIBRATIONAL_CO-> COL too large and Tn too small
step=   575 Tn= 1.08E+01 *** IER =  1 in ROTATIONAL_CO-> COL too large
step=   575 Tn= 1.08E+01 *** IER =-10 in VIBRATIONAL_H2O-> Tn too small
step=   575 Tn= 1.08E+01 *** IER =-11 in VIBRATIONAL_CO-> COL too large and Tn too small
step=   575 Tn= 1.08E+01 *** IER =  1 in ROTATIONAL_CO-> COL too large
step=   575 Tn= 1.08E+01 *** IER =-10 in VIBRATIONAL_H2O-> Tn too small
step=   575 Tn= 1.08E+01 *** IER =-11 in VIBRATIONAL_CO-> COL too large and Tn too small
step=   575 Tn= 1.08E+01 *** IER =  1 in ROTATIONAL_CO-> COL too large
step=   575 Tn= 1.08E+01 *** IER =-10 in VIBRATIONAL_H2O-> Tn too small
step=   575 Tn= 1.08E+01 *** IER =-11 in VIBRATIONAL_CO-> COL too large and Tn too small
step=   575 Tn= 1.08E+01 *** IER =  1 in ROTATIONAL_CO-> COL too large
step=   575 Tn= 1.08E+01 *** IER =-10 in VIBRATIONAL_H2O-> Tn too small
step=   575 Tn= 1.08E+01 *** IER =-11 in VIBRATIONAL_CO-> COL too large and Tn too small
step=   575 Tn= 1.08E+01 *** IER =  1 in ROTATIONAL_CO-> COL too large
step=   575 Tn= 1.08E+01 *** IER =-10 in VIBRATIONAL_H2O-> Tn too small
step=   575 Tn= 1.08E+01 *** IER =-11 in VIBRATIONAL_CO-> COL too large and Tn too small
step=   575 Tn= 1.08E+01 *** IER =  1 in ROTATIONAL_CO-> COL too large
step=   575 Tn= 1.08E+01 *** IER =-10 in VIBRATIONAL_H2O-> Tn too small
step=   575 Tn= 1.08E+01 *** IER =-11 in VIBRATIONAL_CO-> COL too large and Tn too small
step=   575 Tn= 1.08E+01 *** IER =  1 in ROTATIONAL_CO-> COL too large
step=   575 Tn= 1.08E+01 *** IER =-10 in VIBRATIONAL_H2O-> Tn too small
step=   575 Tn= 1.08E+01 *** IER =-11 in VIBRATIONAL_CO-> COL too large and Tn too small
step=   575 Tn= 1.08E+01 *** IER =  1 in ROTATIONAL_CO-> COL too large
step=   575 Tn= 1.08E+01 *** IER =-10 in VIBRATIONAL_H2O-> Tn too small
step=   575 Tn= 1.08E+01 *** IER =-11 in VIBRATIONAL_CO-> COL too large and Tn too small
step=   575 Tn= 1.08E+01 *** IER =  1 in ROTATIONAL_CO-> COL too large
step=   575 Tn= 1.08E+01 *** IER =-10 in VIBRATIONAL_H2O-> Tn too small
step=   575 Tn= 1.08E+01 *** IER =-11 in VIBRATIONAL_CO-> COL too large and Tn too small
step=   575 Tn= 1.08E+01 *** IER =  1 in ROTATIONAL_CO-> COL too large
step=   575 Tn= 1.08E+01 *** IER =-10 in VIBRATIONAL_H2O-> Tn too small
step=   575 Tn= 1.08E+01 *** IER =-11 in VIBRATIONAL_CO-> COL too large and Tn too small
step=   575 Tn= 1.08E+01 *** IER =  1 in ROTATIONAL_CO-> COL too large
step=   575 Tn= 1.08E+01 *** IER =-10 in VIBRATIONAL_H2O-> Tn too small
step=   575 Tn= 1.08E+01 *** IER =-11 in VIBRATIONAL_CO-> COL too large and Tn too small
step=   575 Tn= 1.08E+01 *** IER =  1 in ROTATIONAL_CO-> COL too large
step=   575 Tn= 1.08E+01 *** IER =-10 in VIBRATIONAL_H2O-> Tn too small
step=   575 Tn= 1.08E+01 *** IER =-11 in VIBRATIONAL_CO-> COL too large and Tn too small
step=   575 Tn= 1.08E+01 *** IER =  1 in ROTATIONAL_CO-> COL too large
step=   575 Tn= 1.08E+01 *** IER =-10 in VIBRATIONAL_H2O-> Tn too small
step=   575 Tn= 1.08E+01 *** IER =-11 in VIBRATIONAL_CO-> COL too large and Tn too small
step=   575 Tn= 1.08E+01 *** IER =  1 in ROTATIONAL_CO-> COL too large
step=   575 Tn= 1.08E+01 *** IER =-10 in VIBRATIONAL_H2O-> Tn too small
step=   575 Tn= 1.08E+01 *** IER =-11 in VIBRATIONAL_CO-> COL too large and Tn too small
step=   575 Tn= 1.08E+01 *** IER =  1 in ROTATIONAL_CO-> COL too large
step=   575 Tn= 1.08E+01 *** IER =-10 in VIBRATIONAL_H2O-> Tn too small
step=   575 Tn= 1.08E+01 *** IER =-11 in VIBRATIONAL_CO-> COL too large and Tn too small
step=   575 Tn= 1.08E+01 *** IER =  1 in ROTATIONAL_CO-> COL too large
step=   575 Tn= 1.08E+01 *** IER =-10 in VIBRATIONAL_H2O-> Tn too small
step=   575 Tn= 1.08E+01 *** IER =-11 in VIBRATIONAL_CO-> COL too large and Tn too small
step=   575 Tn= 1.08E+01 *** IER =  1 in ROTATIONAL_CO-> COL too large
step=   575 Tn= 1.08E+01 *** IER =-10 in VIBRATIONAL_H2O-> Tn too small
step=   575 Tn= 1.08E+01 *** IER =-11 in VIBRATIONAL_CO-> COL too large and Tn too small
step=   575 Tn= 1.08E+01 *** IER =  1 in ROTATIONAL_CO-> COL too large
step=   575 Tn= 1.08E+01 *** IER =-10 in VIBRATIONAL_H2O-> Tn too small
step=   575 Tn= 1.08E+01 *** IER =-11 in VIBRATIONAL_CO-> COL too large and Tn too small
step=   575 Tn= 1.08E+01 *** IER =  1 in ROTATIONAL_CO-> COL too large
step=   575 Tn= 1.08E+01 *** IER =-10 in VIBRATIONAL_H2O-> Tn too small
step=   575 Tn= 1.08E+01 *** IER =-11 in VIBRATIONAL_CO-> COL too large and Tn too small
step=   575 Tn= 1.08E+01 *** IER =  1 in ROTATIONAL_CO-> COL too large
step=   575 Tn= 1.08E+01 *** IER =-10 in VIBRATIONAL_H2O-> Tn too small
step=   575 Tn= 1.08E+01 *** IER =-11 in VIBRATIONAL_CO-> COL too large and Tn too small
step=   575 Tn= 1.08E+01 *** IER =  1 in ROTATIONAL_CO-> COL too large
step=   575 Tn= 1.08E+01 *** IER =-10 in VIBRATIONAL_H2O-> Tn too small
step=   575 Tn= 1.08E+01 *** IER =-11 in VIBRATIONAL_CO-> COL too large and Tn too small
step=   575 Tn= 1.08E+01 *** IER =  1 in ROTATIONAL_CO-> COL too large
step=   575 Tn= 1.08E+01 *** IER =-10 in VIBRATIONAL_H2O-> Tn too small
step=   575 Tn= 1.08E+01 *** IER =-11 in VIBRATIONAL_CO-> COL too large and Tn too small
step=   575 Tn= 1.08E+01 *** IER =  1 in ROTATIONAL_CO-> COL too large
step=   575 Tn= 1.08E+01 *** IER =-10 in VIBRATIONAL_H2O-> Tn too small
step=   575 Tn= 1.08E+01 *** IER =-11 in VIBRATIONAL_CO-> COL too large and Tn too small
step=   575 Tn= 1.08E+01 *** IER =  1 in ROTATIONAL_CO-> COL too large
step=   575 Tn= 1.08E+01 *** IER =-10 in VIBRATIONAL_H2O-> Tn too small
step=   575 Tn= 1.08E+01 *** IER =-11 in VIBRATIONAL_CO-> COL too large and Tn too small
step=   576 Tn= 1.08E+01 *** IER =  1 in ROTATIONAL_CO-> COL too large
step=   576 Tn= 1.08E+01 *** IER =-10 in VIBRATIONAL_H2O-> Tn too small
step=   576 Tn= 1.08E+01 *** IER =-11 in VIBRATIONAL_CO-> COL too large and Tn too small
step=   576 Tn= 1.08E+01 *** IER =  1 in ROTATIONAL_CO-> COL too large
step=   576 Tn= 1.08E+01 *** IER =-10 in VIBRATIONAL_H2O-> Tn too small
step=   576 Tn= 1.08E+01 *** IER =-11 in VIBRATIONAL_CO-> COL too large and Tn too small
step=   576 Tn= 1.08E+01 *** IER =  1 in ROTATIONAL_CO-> COL too large
step=   576 Tn= 1.08E+01 *** IER =-10 in VIBRATIONAL_H2O-> Tn too small
step=   576 Tn= 1.08E+01 *** IER =-11 in VIBRATIONAL_CO-> COL too large and Tn too small
step=   576 Tn= 1.08E+01 *** IER =  1 in ROTATIONAL_CO-> COL too large
step=   576 Tn= 1.08E+01 *** IER =-10 in VIBRATIONAL_H2O-> Tn too small
step=   576 Tn= 1.08E+01 *** IER =-11 in VIBRATIONAL_CO-> COL too large and Tn too small
step=   576 Tn= 1.08E+01 *** IER =  1 in ROTATIONAL_CO-> COL too large
step=   576 Tn= 1.08E+01 *** IER =-10 in VIBRATIONAL_H2O-> Tn too small
step=   576 Tn= 1.08E+01 *** IER =-11 in VIBRATIONAL_CO-> COL too large and Tn too small
step=   576 Tn= 1.08E+01 *** IER =  1 in ROTATIONAL_CO-> COL too large
step=   576 Tn= 1.08E+01 *** IER =-10 in VIBRATIONAL_H2O-> Tn too small
step=   576 Tn= 1.08E+01 *** IER =-11 in VIBRATIONAL_CO-> COL too large and Tn too small
step=   576 Tn= 1.08E+01 *** IER =  1 in ROTATIONAL_CO-> COL too large
step=   576 Tn= 1.08E+01 *** IER =-10 in VIBRATIONAL_H2O-> Tn too small
step=   576 Tn= 1.08E+01 *** IER =-11 in VIBRATIONAL_CO-> COL too large and Tn too small
step=   576 Tn= 1.08E+01 *** IER =  1 in ROTATIONAL_CO-> COL too large
step=   576 Tn= 1.08E+01 *** IER =-10 in VIBRATIONAL_H2O-> Tn too small
step=   576 Tn= 1.08E+01 *** IER =-11 in VIBRATIONAL_CO-> COL too large and Tn too small
step=   576 Tn= 1.08E+01 *** IER =  1 in ROTATIONAL_CO-> COL too large
step=   576 Tn= 1.08E+01 *** IER =-10 in VIBRATIONAL_H2O-> Tn too small
step=   576 Tn= 1.08E+01 *** IER =-11 in VIBRATIONAL_CO-> COL too large and Tn too small
step=   576 Tn= 1.08E+01 *** IER =  1 in ROTATIONAL_CO-> COL too large
step=   576 Tn= 1.08E+01 *** IER =-10 in VIBRATIONAL_H2O-> Tn too small
step=   576 Tn= 1.08E+01 *** IER =-11 in VIBRATIONAL_CO-> COL too large and Tn too small
step=   576 Tn= 1.08E+01 *** IER =  1 in ROTATIONAL_CO-> COL too large
step=   576 Tn= 1.08E+01 *** IER =-10 in VIBRATIONAL_H2O-> Tn too small
step=   576 Tn= 1.08E+01 *** IER =-11 in VIBRATIONAL_CO-> COL too large and Tn too small
step=   576 Tn= 1.08E+01 *** IER =  1 in ROTATIONAL_CO-> COL too large
step=   576 Tn= 1.08E+01 *** IER =-10 in VIBRATIONAL_H2O-> Tn too small
step=   576 Tn= 1.08E+01 *** IER =-11 in VIBRATIONAL_CO-> COL too large and Tn too small
step=   576 Tn= 1.08E+01 *** IER =  1 in ROTATIONAL_CO-> COL too large
step=   576 Tn= 1.08E+01 *** IER =-10 in VIBRATIONAL_H2O-> Tn too small
step=   576 Tn= 1.08E+01 *** IER =-11 in VIBRATIONAL_CO-> COL too large and Tn too small
step=   576 Tn= 1.08E+01 *** IER =  1 in ROTATIONAL_CO-> COL too large
step=   576 Tn= 1.08E+01 *** IER =-10 in VIBRATIONAL_H2O-> Tn too small
step=   576 Tn= 1.08E+01 *** IER =-11 in VIBRATIONAL_CO-> COL too large and Tn too small
step=   576 Tn= 1.08E+01 *** IER =  1 in ROTATIONAL_CO-> COL too large
step=   576 Tn= 1.08E+01 *** IER =-10 in VIBRATIONAL_H2O-> Tn too small
step=   576 Tn= 1.08E+01 *** IER =-11 in VIBRATIONAL_CO-> COL too large and Tn too small
step=   576 Tn= 1.08E+01 *** IER =  1 in ROTATIONAL_CO-> COL too large
step=   576 Tn= 1.08E+01 *** IER =-10 in VIBRATIONAL_H2O-> Tn too small
step=   576 Tn= 1.08E+01 *** IER =-11 in VIBRATIONAL_CO-> COL too large and Tn too small
step=   576 Tn= 1.08E+01 *** IER =  1 in ROTATIONAL_CO-> COL too large
step=   576 Tn= 1.08E+01 *** IER =-10 in VIBRATIONAL_H2O-> Tn too small
step=   576 Tn= 1.08E+01 *** IER =-11 in VIBRATIONAL_CO-> COL too large and Tn too small
step=   576 Tn= 1.08E+01 *** IER =  1 in ROTATIONAL_CO-> COL too large
step=   576 Tn= 1.08E+01 *** IER =-10 in VIBRATIONAL_H2O-> Tn too small
step=   576 Tn= 1.08E+01 *** IER =-11 in VIBRATIONAL_CO-> COL too large and Tn too small
step=   576 Tn= 1.08E+01 *** IER =  1 in ROTATIONAL_CO-> COL too large
step=   576 Tn= 1.08E+01 *** IER =-10 in VIBRATIONAL_H2O-> Tn too small
step=   576 Tn= 1.08E+01 *** IER =-11 in VIBRATIONAL_CO-> COL too large and Tn too small
step=   576 Tn= 1.08E+01 *** IER =  1 in ROTATIONAL_CO-> COL too large
step=   576 Tn= 1.08E+01 *** IER =-10 in VIBRATIONAL_H2O-> Tn too small
step=   576 Tn= 1.08E+01 *** IER =-11 in VIBRATIONAL_CO-> COL too large and Tn too small
step=   576 Tn= 1.08E+01 *** IER =  1 in ROTATIONAL_CO-> COL too large
step=   576 Tn= 1.08E+01 *** IER =-10 in VIBRATIONAL_H2O-> Tn too small
