!---- list of chemical species --- Steady state at T =   18.62 K ---------------
!---- WARNING : order = neutrals, species on mantles, ions >0, ions <0 ---------
!---- name, composition, initial density(cm-3), formation enthalpy (kCal/mol) --
!-------------------------------------------------------------------------------
  1  H        01000000000000 2.370D-06    51.634                       !
  2  H2       02000000000000 5.000D-01     0.000                       !
  3  He       00000010000000 9.998D-02     0.000                       !
  4  C        00010000000000 7.550D-11   169.980     --> C/H = 8.27e-5 !
  5  CH       01010000000000 1.882D-10   141.600         A&G : 3.55e-4 !
  6  CH2      02010000000000 1.647D-10    93.900                       !
  7  CH3      03010000000000 7.664D-11    34.800                       !
  8  CH4      04010000000000 4.398D-10   -15.970                       !
  9  O        00000100000000 1.120D-09    58.980     --> O/H = 1.24e-4 !
 10  O2       00000200000000 9.589D-11     0.000         A&G : 7.41e-4 !
 11  OH       01000100000000 3.174D-08     9.250                       !
 12  H2O      02000100000000 2.249D-08   -57.100                       !
 13  CO       00010100000000 5.232D-08   -27.200                       !
 14  CO2      00010200000000 4.088D-09   -93.965                       !
 15  C2       00020000000000 1.543D-15   198.200                       !
 16  C2H      01020000000000 2.327D-14   113.300                       !
 17  C2H2     02020000000000 1.611D-15    56.320                       !
 18  C3       00030000000000 4.724D-21   194.000                       !
 19  C3H      01030000000000 6.516D-20   177.000   ***                 !
 20  C3H2     02030000000000 8.489D-19   114.000   ***                 !
 39  CH3OH    04010100000000 1.847D-06   -99.999                       !
 42  H2CO     02010100000000 6.155D-06   -99.999                       !
 42  HCO2H    02010200000000 7.188D-06   -99.999                       !
 21  N        00001000000000 1.293D-11   112.530     --> N/H = 6.39e-5 !
 22  NH       01001000000000 5.074D-11    90.000         A&G : 9.33e-5 !
 23  NH2      02001000000000 1.786D-08    46.200                       !
 24  NH3      03001000000000 1.156D-08    -9.299                       !
 25  CN       00011000000000 8.414D-14   103.200                       !
 26  HCN      01011000000000 1.968D-12    32.390                       !
 27  HNC      01011000000000 2.264D-12    48.000                       !
 28  N2       00002000000000 2.721D-16     0.000                       !
 29  NO       00001100000000 4.301D-14    21.460                       !
 32  S        00000000010000 5.044D-09    65.600         A&G : 1.86e-5 !
 33  SH       01000000010000 1.127D-09    32.600                       !
 34  H2S      02000000010000 4.621D-09    -4.230                       !
 35  CS       00010000010000 2.829D-11    63.000                       !
 36  SO       00000100010000 2.147D-12     1.200                       !
 37  SO2      00000200010000 4.562D-13   -70.300                       !
 38  OCS      00010100010000 4.004D-11   -34.000                       !
 37  Si       00000000001000 2.925D-28   106.700         A&G : 3.55e-5 !
 38  SiH      01000000001000 2.864D-29    89.690                       !
 39  SiH2     02000000001000 1.670D-30    69.140   *                   !
 40  SiH3     03000000001000 1.159D-33    48.540   *                   !
 41  SiH4     04000000001000 2.094D-33    11.000                       !
 42  SiO      00000100001000 2.024D-28   -24.300                       !
 43  SiO2     00000200001000 3.667D-27   -73.000                       !
 44  Mg       00000000100000 9.998D-17    35.000                       !
 39  Fe       00000000000010 1.175D-18    98.700                       !
 38  C54H18   18540000000000 1.251D-07   -99.999     PAH/nH  =1(-8)    !
 63  G        00600000000000 3.209D-11   -99.999    Ngrain = 8.30(-11) !
 41  H2O*     02000100000001 1.244D-04               H2O*/nH =1.03(-4) !
 42  O2*      00000200000001 1.065D-05                                 !
 42  CO*      00010100000001 9.157D-05               CO*/nH  =8.27(-6) !
 43  CO2*     00010200000001 1.235D-05               CO2*/nH =1.34(-5) !
 39  CH4*     04010000000001 1.986D-06               CH4*/nH =1.55(-6) !
 44  NH3*     03001000000001 7.174D-05               NH3*/nH =1.55(-5) !
 44  N2*      00002000000001 3.806D-06                                 !
 39  CH3OH*   04010100000001 1.246D-08             CH3OH*/nH =1.86(-6) !
 42  H2CO*    02010100000001 4.154D-08              H2CO*/nH =6.20(-6) !
 42  HCO2H*   02010200000001 4.851D-08             HCO2H*/nH =7.24(-6) !
 42  OCS*     00010100010001 1.441D-07               OCS*/nH =2.07(-7) !
 55  H2S*     02000000010001 1.847D-05               H2S*/nH =3.72(-6) !
 62  Fe*      00000000000011 1.499D-08                                 !
 41  SiH4*    04000000001001 1.146D-16                                 !
 42  SiO*     00000100001001 1.238D-15                                 !
 43  SiO2*    00000200001001 4.471D-16                                 !
 59  O**      00000100000002 1.400D-04              Noyaux = 4*3.50(-5)!
 60  Si**     00000000001002 3.368D-05              Noyaux = 3.370(-5) !
 61  Mg**     00000000100002 3.698D-05              Noyaux = 3.700(-5) !
 62  Fe**     00000000000012 3.228D-05              Noyaux = 3.230(-5) !
 63  C**      00010000000002 1.629D-04              Noyaux = 1.630(-4) !
 48  H+       01000001000000 2.581D-09   365.200                       !
 49  H2+      02000001000000 1.097D-13   355.700                       !
 50  H3+      03000001000000 2.031D-08   265.000                       !
 51  He+      00000011000000 1.086D-10   567.000                       !
 52  C+       00010001000000 3.540D-12   429.700         A&G : 3.55e-4 !
 53  CH+      01010001000000 7.720D-18   387.000                       !
 54  CH2+     02010001000000 3.082D-17   331.000                       !
 55  CH3+     03010001000000 1.699D-12   262.000                       !
 56  CH4+     04010001000000 2.496D-16   272.000   **                  !
 57  CH5+     05010001000000 5.314D-12   216.000   *                   !
 58  O+       00000101000000 3.312D-18   373.000                       !
 59  O2+      00000201000000 3.589D-14   278.400                       !
 60  OH+      01000101000000 3.995D-16   309.310                       !
 61  H2O+     02000101000000 3.656D-15   233.700                       !
 62  H3O+     03000101000000 1.044D-10   143.000                       !
 63  CO+      00010101000000 7.016D-19   295.970                       !
 64  HCO+     01010101000000 1.643D-10   197.300                       !
 65  HCO2+    01010201000000 2.029D-11   141.000    *                  !
 66  C2+      00020001000000 5.102D-22   476.000                       !
 67  C2H+     01020001000000 8.928D-22   404.000                       !
 68  C2H2+    02020001000000 2.810D-16   317.500                       !
 69  C2H3+    03020001000000 2.189D-16   267.900                       !
 70  C3+      00030001000000 5.521D-25   479.000    *                  !
 71  C3H+     01030001000000 4.132D-23   381.000    *                  !
 72  C3H2+    02030001000000 9.535D-22   330.000   * **                !
 73  C3H3+    03030001000000 1.821D-20   282.000   * **                !
 74  N+       00001001000000 3.145D-14   447.690                       !
 75  NH+      01001001000000 4.820D-18   401.100                       !
 76  NH2+     02001001000000 1.080D-15   302.700                       !
 77  NH3+     03001001000000 7.958D-13   224.900                       !
 78  NH4+     04001001000000 7.963D-11   151.000    *                  !
 79  CN+      00011001000000 1.666D-21   429.300                       !
 80  C2N+     00021001000000 6.863D-18   410.000    *                  !
 81  HCN+     01011001000000 2.785D-19   346.000                       !
 83  H2CN+    02011001000000 1.148D-13   226.000    *                  !
 84  H2NC+    02011001000000 3.696D-15   265.000    *                  !
 85  N2+      00002001000000 2.370D-26   359.298                       !
 86  N2H+     01002001000000 4.248D-19   247.500                       !
 87  NO+      00001101000000 6.276D-17   235.330                       !
 88  HNO+     01001101000000 1.284D-16   256.800                       !
 92  S+       00000001010000 1.850D-11   304.000     --> S/H = 1.47e-5 !
 93  SH+      01000001010000 4.896D-11   271.800         A&G : 1.86e-5 !
 94  H2S+     02000001010000 1.805D-11   237.000                       !
 95  H3S+     03000001010000 3.382D-11   190.000 *                     !
 96  CS+      00010001010000 1.548D-18   324.000                       !
 97  HCS+     01010001010000 1.145D-13   243.000                       !
 98  SO+      00000101010000 8.049D-14   239.200                       !
 99  HSO+     01000101010000 1.685D-14   210.000                       !
100  HSO2+    01000201010000 2.441D-15   143.000                       !
101  HOCS+    01010101010000 1.573D-13   181.000                       !
 51  Si+      00000001001000 7.075D-30   295.000                       !
109  SiH+     01000001001000 1.474D-30   271.820                       !
110  SiH2+    02000001001000 7.498D-31   276.360   *                   !
111  SiH3+    03000001001000 4.700D-32   237.320   *                   !
112  SiH4+    04000001001000 1.103D-40   279.900                       !
113  SiH5+    05000001001000 3.165D-35   219.380   *                   !
114  SiO+     00000101001000 1.334D-35   239.520                       !
115  SiOH+    01000101001000 1.439D-30   -99.999                       !
102  Fe+      00000001000010 1.810D-19   280.240     LM: Fe/nH=1.5(-8) !
103  C54H18+  18540001000000 1.066D-10   -99.999                       !
 63  G+       00600001000000 2.519D-13   -99.999                       !
104  C54H18-  18540000000100 1.745D-08   -99.999        PAH/nH = 1(-8) !
 63  G-       00600000000100 1.395D-11   -99.999    Ngrain = 8.30(-11) !
